#
# There is insufficient memory for the Java Runtime Environment to continue.
# Native memory allocation (malloc) failed to allocate 1339536 bytes for Chunk::new
# Possible reasons:
#   The system is out of physical RAM or swap space
#   In 32 bit mode, the process size limit was hit
# Possible solutions:
#   Reduce memory load on the system
#   Increase physical memory or swap space
#   Check if swap backing store is full
#   Use 64 bit Java on a 64 bit OS
#   Decrease Java heap size (-Xmx/-Xms)
#   Decrease number of Java threads
#   Decrease Java thread stack sizes (-Xss)
#   Set larger code cache with -XX:ReservedCodeCacheSize=
# This output file may be truncated or incomplete.
#
#  Out of Memory Error (allocation.cpp:328), pid=8812, tid=3896
#
# JRE version: 7.0_11-b21
# Java VM: Java HotSpot(TM) 64-Bit Server VM (23.6-b04 mixed mode windows-amd64 compressed oops)
# Failed to write core dump. Minidumps are not enabled by default on client versions of Windows
#

---------------  T H R E A D  ---------------

Current thread (0x0000000009260800):  JavaThread "C2 CompilerThread0" daemon [_thread_in_native, id=3896, stack(0x000000000a810000,0x000000000a910000)]

Stack: [0x000000000a810000,0x000000000a910000]

Current CompileTask:
C2:   6662  517   !         com.android.dx.cf.code.BytecodeArray::parseInstruction (2764 bytes)


---------------  P R O C E S S  ---------------

Java Threads: ( => current thread )
  0x0000000009276800 JavaThread "Service Thread" daemon [_thread_blocked, id=6052, stack(0x000000000aa10000,0x000000000ab10000)]
  0x0000000009262800 JavaThread "C2 CompilerThread1" daemon [_thread_blocked, id=8388, stack(0x000000000a910000,0x000000000aa10000)]
=>0x0000000009260800 JavaThread "C2 CompilerThread0" daemon [_thread_in_native, id=3896, stack(0x000000000a810000,0x000000000a910000)]
  0x000000000925f800 JavaThread "Attach Listener" daemon [_thread_blocked, id=4180, stack(0x000000000a710000,0x000000000a810000)]
  0x000000000925c000 JavaThread "Signal Dispatcher" daemon [_thread_blocked, id=7420, stack(0x000000000a610000,0x000000000a710000)]
  0x00000000091f7800 JavaThread "Finalizer" daemon [_thread_blocked, id=5228, stack(0x000000000a510000,0x000000000a610000)]
  0x00000000091ee800 JavaThread "Reference Handler" daemon [_thread_blocked, id=8284, stack(0x000000000a410000,0x000000000a510000)]
  0x0000000002c92800 JavaThread "main" [_thread_in_Java, id=4536, stack(0x0000000002b90000,0x0000000002c90000)]

Other Threads:
  0x00000000091e7000 VMThread [stack: 0x000000000a310000,0x000000000a410000] [id=3232]
  0x000000000927f800 WatcherThread [stack: 0x000000000ab10000,0x000000000ac10000] [id=8420]

VM state:not at safepoint (normal execution)

VM Mutex/Monitor currently owned by a thread: None

Heap
 PSYoungGen      total 52352K, used 26377K [0x00000000eaab0000, 0x00000000f1eb0000, 0x0000000100000000)
  eden space 48384K, 46% used [0x00000000eaab0000,0x00000000ec0991d0,0x00000000ed9f0000)
  from space 3968K, 99% used [0x00000000ed9f0000,0x00000000eddc9520,0x00000000eddd0000)
  to   space 11008K, 0% used [0x00000000f13f0000,0x00000000f13f0000,0x00000000f1eb0000)
 ParOldGen       total 64384K, used 17222K [0x00000000c0000000, 0x00000000c3ee0000, 0x00000000eaab0000)
  object space 64384K, 26% used [0x00000000c0000000,0x00000000c10d1b70,0x00000000c3ee0000)
 PSPermGen       total 21248K, used 5781K [0x00000000bae00000, 0x00000000bc2c0000, 0x00000000c0000000)
  object space 21248K, 27% used [0x00000000bae00000,0x00000000bb3a57f0,0x00000000bc2c0000)

Card table byte_map: [0x0000000005e50000,0x0000000006080000] byte_map_base: 0x0000000005879000

Polling page: 0x00000000014e0000

Code Cache  [0x0000000002d90000, 0x0000000003000000, 0x0000000005d90000)
 total_blobs=737 nmethods=505 adapters=183 free_code_cache=47150Kb largest_free_block=48183296

Compilation events (10 events):
Event: 6.523 Thread 0x0000000009260800 nmethod 2% 0x0000000002f95310 code [0x0000000002f95560, 0x0000000002f96840]
Event: 6.523 Thread 0x0000000009262800  513             com.android.dx.dex.cf.CfTranslator::translate0 (259 bytes)
Event: 6.576 Thread 0x0000000009262800 nmethod 513 0x0000000002f97f10 code [0x0000000002f982a0, 0x0000000002f9a010]
Event: 6.609 Thread 0x0000000009260800  514             com.android.dx.rop.code.Insn$BaseVisitor::visitThrowingCstInsn (1 bytes)
Event: 6.610 Thread 0x0000000009260800 nmethod 514 0x0000000002e3bb10 code [0x0000000002e3bc40, 0x0000000002e3bc98]
Event: 6.610 Thread 0x0000000009262800  515             com.android.dx.dex.code.RopTranslator$TranslationVisitor::visitThrowingCstInsn (225 bytes)
Event: 6.618 Thread 0x0000000009260800  516             java.util.TreeMap$PrivateEntryIterator::nextEntry (54 bytes)
Event: 6.620 Thread 0x0000000009260800 nmethod 516 0x0000000002e71110 code [0x0000000002e71260, 0x0000000002e71378]
Event: 6.622 Thread 0x0000000009260800  517   !         com.android.dx.cf.code.BytecodeArray::parseInstruction (2764 bytes)
Event: 6.633 Thread 0x0000000009262800 nmethod 515 0x0000000002f92a10 code [0x0000000002f92c40, 0x0000000002f939d0]

GC Heap History (10 events):
Event: 2.883 GC heap before
{Heap before GC invocations=1 (full 0):
 PSYoungGen      total 28160K, used 24192K [0x00000000eaab0000, 0x00000000eca10000, 0x0000000100000000)
  eden space 24192K, 100% used [0x00000000eaab0000,0x00000000ec250000,0x00000000ec250000)
  from space 3968K, 0% used [0x00000000ec630000,0x00000000ec630000,0x00000000eca10000)
  to   space 3968K, 0% used [0x00000000ec250000,0x00000000ec250000,0x00000000ec630000)
 ParOldGen       total 64384K, used 0K [0x00000000c0000000, 0x00000000c3ee0000, 0x00000000eaab0000)
  object space 64384K, 0% used [0x00000000c0000000,0x00000000c0000000,0x00000000c3ee0000)
 PSPermGen       total 21248K, used 5582K [0x00000000bae00000, 0x00000000bc2c0000, 0x00000000c0000000)
  object space 21248K, 26% used [0x00000000bae00000,0x00000000bb373920,0x00000000bc2c0000)
Event: 2.894 GC heap after
Heap after GC invocations=1 (full 0):
 PSYoungGen      total 28160K, used 3951K [0x00000000eaab0000, 0x00000000eca10000, 0x0000000100000000)
  eden space 24192K, 0% used [0x00000000eaab0000,0x00000000eaab0000,0x00000000ec250000)
  from space 3968K, 99% used [0x00000000ec250000,0x00000000ec62bf40,0x00000000ec630000)
  to   space 3968K, 0% used [0x00000000ec630000,0x00000000ec630000,0x00000000eca10000)
 ParOldGen       total 64384K, used 1075K [0x00000000c0000000, 0x00000000c3ee0000, 0x00000000eaab0000)
  object space 64384K, 1% used [0x00000000c0000000,0x00000000c010ccd0,0x00000000c3ee0000)
 PSPermGen       total 21248K, used 5582K [0x00000000bae00000, 0x00000000bc2c0000, 0x00000000c0000000)
  object space 21248K, 26% used [0x00000000bae00000,0x00000000bb373920,0x00000000bc2c0000)
}
Event: 4.306 GC heap before
{Heap before GC invocations=2 (full 0):
 PSYoungGen      total 28160K, used 28143K [0x00000000eaab0000, 0x00000000eca10000, 0x0000000100000000)
  eden space 24192K, 100% used [0x00000000eaab0000,0x00000000ec250000,0x00000000ec250000)
  from space 3968K, 99% used [0x00000000ec250000,0x00000000ec62bf40,0x00000000ec630000)
  to   space 3968K, 0% used [0x00000000ec630000,0x00000000ec630000,0x00000000eca10000)
 ParOldGen       total 64384K, used 1075K [0x00000000c0000000, 0x00000000c3ee0000, 0x00000000eaab0000)
  object space 64384K, 1% used [0x00000000c0000000,0x00000000c010ccd0,0x00000000c3ee0000)
 PSPermGen       total 21248K, used 5693K [0x00000000bae00000, 0x00000000bc2c0000, 0x00000000c0000000)
  object space 21248K, 26% used [0x00000000bae00000,0x00000000bb38f7f8,0x00000000bc2c0000)
Event: 4.322 GC heap after
Heap after GC invocations=2 (full 0):
 PSYoungGen      total 28160K, used 3961K [0x00000000eaab0000, 0x00000000eca10000, 0x0000000100000000)
  eden space 24192K, 0% used [0x00000000eaab0000,0x00000000eaab0000,0x00000000ec250000)
  from space 3968K, 99% used [0x00000000ec630000,0x00000000eca0e448,0x00000000eca10000)
  to   space 3968K, 0% used [0x00000000ec250000,0x00000000ec250000,0x00000000ec630000)
 ParOldGen       total 64384K, used 3999K [0x00000000c0000000, 0x00000000c3ee0000, 0x00000000eaab0000)
  object space 64384K, 6% used [0x00000000c0000000,0x00000000c03e7e78,0x00000000c3ee0000)
 PSPermGen       total 21248K, used 5693K [0x00000000bae00000, 0x00000000bc2c0000, 0x00000000c0000000)
  object space 21248K, 26% used [0x00000000bae00000,0x00000000bb38f7f8,0x00000000bc2c0000)
}
Event: 5.141 GC heap before
{Heap before GC invocations=3 (full 0):
 PSYoungGen      total 28160K, used 28153K [0x00000000eaab0000, 0x00000000eca10000, 0x0000000100000000)
  eden space 24192K, 100% used [0x00000000eaab0000,0x00000000ec250000,0x00000000ec250000)
  from space 3968K, 99% used [0x00000000ec630000,0x00000000eca0e448,0x00000000eca10000)
  to   space 3968K, 0% used [0x00000000ec250000,0x00000000ec250000,0x00000000ec630000)
 ParOldGen       total 64384K, used 3999K [0x00000000c0000000, 0x00000000c3ee0000, 0x00000000eaab0000)
  object space 64384K, 6% used [0x00000000c0000000,0x00000000c03e7e78,0x00000000c3ee0000)
 PSPermGen       total 21248K, used 5717K [0x00000000bae00000, 0x00000000bc2c0000, 0x00000000c0000000)
  object space 21248K, 26% used [0x00000000bae00000,0x00000000bb3957a0,0x00000000bc2c0000)
Event: 5.156 GC heap after
Heap after GC invocations=3 (full 0):
 PSYoungGen      total 28160K, used 3967K [0x00000000eaab0000, 0x00000000ee1b0000, 0x0000000100000000)
  eden space 24192K, 0% used [0x00000000eaab0000,0x00000000eaab0000,0x00000000ec250000)
  from space 3968K, 99% used [0x00000000ec250000,0x00000000ec62fcb0,0x00000000ec630000)
  to   space 3968K, 0% used [0x00000000eddd0000,0x00000000eddd0000,0x00000000ee1b0000)
 ParOldGen       total 64384K, used 6766K [0x00000000c0000000, 0x00000000c3ee0000, 0x00000000eaab0000)
  object space 64384K, 10% used [0x00000000c0000000,0x00000000c069bb70,0x00000000c3ee0000)
 PSPermGen       total 21248K, used 5717K [0x00000000bae00000, 0x00000000bc2c0000, 0x00000000c0000000)
  object space 21248K, 26% used [0x00000000bae00000,0x00000000bb3957a0,0x00000000bc2c0000)
}
Event: 5.560 GC heap before
{Heap before GC invocations=4 (full 0):
 PSYoungGen      total 28160K, used 28159K [0x00000000eaab0000, 0x00000000ee1b0000, 0x0000000100000000)
  eden space 24192K, 100% used [0x00000000eaab0000,0x00000000ec250000,0x00000000ec250000)
  from space 3968K, 99% used [0x00000000ec250000,0x00000000ec62fcb0,0x00000000ec630000)
  to   space 3968K, 0% used [0x00000000eddd0000,0x00000000eddd0000,0x00000000ee1b0000)
 ParOldGen       total 64384K, used 6766K [0x00000000c0000000, 0x00000000c3ee0000, 0x00000000eaab0000)
  object space 64384K, 10% used [0x00000000c0000000,0x00000000c069bb70,0x00000000c3ee0000)
 PSPermGen       total 21248K, used 5734K [0x00000000bae00000, 0x00000000bc2c0000, 0x00000000c0000000)
  object space 21248K, 26% used [0x00000000bae00000,0x00000000bb399b20,0x00000000bc2c0000)
Event: 5.581 GC heap after
Heap after GC invocations=4 (full 0):
 PSYoungGen      total 52352K, used 3965K [0x00000000eaab0000, 0x00000000ee1b0000, 0x0000000100000000)
  eden space 48384K, 0% used [0x00000000eaab0000,0x00000000eaab0000,0x00000000ed9f0000)
  from space 3968K, 99% used [0x00000000eddd0000,0x00000000ee1af6c0,0x00000000ee1b0000)
  to   space 3968K, 0% used [0x00000000ed9f0000,0x00000000ed9f0000,0x00000000eddd0000)
 ParOldGen       total 64384K, used 10049K [0x00000000c0000000, 0x00000000c3ee0000, 0x00000000eaab0000)
  object space 64384K, 15% used [0x00000000c0000000,0x00000000c09d0650,0x00000000c3ee0000)
 PSPermGen       total 21248K, used 5734K [0x00000000bae00000, 0x00000000bc2c0000, 0x00000000c0000000)
  object space 21248K, 26% used [0x00000000bae00000,0x00000000bb399b20,0x00000000bc2c0000)
}
Event: 6.294 GC heap before
{Heap before GC invocations=5 (full 0):
 PSYoungGen      total 52352K, used 52349K [0x00000000eaab0000, 0x00000000ee1b0000, 0x0000000100000000)
  eden space 48384K, 100% used [0x00000000eaab0000,0x00000000ed9f0000,0x00000000ed9f0000)
  from space 3968K, 99% used [0x00000000eddd0000,0x00000000ee1af6c0,0x00000000ee1b0000)
  to   space 3968K, 0% used [0x00000000ed9f0000,0x00000000ed9f0000,0x00000000eddd0000)
 ParOldGen       total 64384K, used 10049K [0x00000000c0000000, 0x00000000c3ee0000, 0x00000000eaab0000)
  object space 64384K, 15% used [0x00000000c0000000,0x00000000c09d0650,0x00000000c3ee0000)
 PSPermGen       total 21248K, used 5766K [0x00000000bae00000, 0x00000000bc2c0000, 0x00000000c0000000)
  object space 21248K, 27% used [0x00000000bae00000,0x00000000bb3a1928,0x00000000bc2c0000)
Event: 6.321 GC heap after
Heap after GC invocations=5 (full 0):
 PSYoungGen      total 52352K, used 3941K [0x00000000eaab0000, 0x00000000f1eb0000, 0x0000000100000000)
  eden space 48384K, 0% used [0x00000000eaab0000,0x00000000eaab0000,0x00000000ed9f0000)
  from space 3968K, 99% used [0x00000000ed9f0000,0x00000000eddc9520,0x00000000eddd0000)
  to   space 11008K, 0% used [0x00000000f13f0000,0x00000000f13f0000,0x00000000f1eb0000)
 ParOldGen       total 64384K, used 17222K [0x00000000c0000000, 0x00000000c3ee0000, 0x00000000eaab0000)
  object space 64384K, 26% used [0x00000000c0000000,0x00000000c10d1b70,0x00000000c3ee0000)
 PSPermGen       total 21248K, used 5766K [0x00000000bae00000, 0x00000000bc2c0000, 0x00000000c0000000)
  object space 21248K, 27% used [0x00000000bae00000,0x00000000bb3a1928,0x00000000bc2c0000)
}

Deoptimization events (10 events):
Event: 5.900 Thread 0x0000000002c92800 Uncommon trap -83 fr.pc 0x0000000002ebf940
Event: 6.003 Thread 0x0000000002c92800 Uncommon trap -34 fr.pc 0x0000000002f17b54
Event: 6.202 Thread 0x0000000002c92800 Uncommon trap -83 fr.pc 0x0000000002e52bd0
Event: 6.533 Thread 0x0000000002c92800 Uncommon trap -58 fr.pc 0x0000000002f7b84c
Event: 6.533 Thread 0x0000000002c92800 Uncommon trap -58 fr.pc 0x0000000002f7b84c
Event: 6.598 Thread 0x0000000002c92800 Uncommon trap -34 fr.pc 0x0000000002f68a64
Event: 6.600 Thread 0x0000000002c92800 Uncommon trap -34 fr.pc 0x0000000002f68a64
Event: 6.603 Thread 0x0000000002c92800 Uncommon trap -58 fr.pc 0x0000000002e46c28
Event: 6.606 Thread 0x0000000002c92800 Uncommon trap -34 fr.pc 0x0000000002f68a64
Event: 6.609 Thread 0x0000000002c92800 Uncommon trap -34 fr.pc 0x0000000002f68a64

Internal exceptions (10 events):
Event: 3.566 Thread 0x0000000002c92800 Implicit null exception at 0x0000000002e44a15 to 0x0000000002e45cb1
Event: 3.861 Thread 0x0000000002c92800 Threw 0x00000000eb9aeb60 at C:\jdk7u1_64p\jdk7u11\hotspot\src\share\vm\prims\jvm.cpp:1166
Event: 3.861 Thread 0x0000000002c92800 Threw 0x00000000eb9b10e0 at C:\jdk7u1_64p\jdk7u11\hotspot\src\share\vm\prims\jvm.cpp:1166
Event: 3.911 Thread 0x0000000002c92800 Threw 0x00000000eba2a3c0 at C:\jdk7u1_64p\jdk7u11\hotspot\src\share\vm\prims\jvm.cpp:1166
Event: 3.912 Thread 0x0000000002c92800 Threw 0x00000000eba2fc58 at C:\jdk7u1_64p\jdk7u11\hotspot\src\share\vm\prims\jvm.cpp:1166
Event: 3.912 Thread 0x0000000002c92800 Threw 0x00000000eba351b0 at C:\jdk7u1_64p\jdk7u11\hotspot\src\share\vm\prims\jvm.cpp:1166
Event: 3.929 Thread 0x0000000002c92800 Threw 0x00000000ebafc278 at C:\jdk7u1_64p\jdk7u11\hotspot\src\share\vm\prims\jvm.cpp:1166
Event: 4.882 Thread 0x0000000002c92800 Implicit null exception at 0x0000000002e8d9d2 to 0x0000000002e8dac2
Event: 5.598 Thread 0x0000000002c92800 Threw 0x00000000eac9cfa8 at C:\jdk7u1_64p\jdk7u11\hotspot\src\share\vm\prims\jvm.cpp:1166
Event: 5.898 Thread 0x0000000002c92800 Threw 0x00000000ebc7af20 at C:\jdk7u1_64p\jdk7u11\hotspot\src\share\vm\prims\jvm.cpp:1166

Events (10 events):
Event: 6.606 Thread 0x0000000002c92800 DEOPT PACKING pc=0x0000000002f68a64 sp=0x0000000002c8e680
Event: 6.606 Thread 0x0000000002c92800 DEOPT UNPACKING pc=0x0000000002dc9164 sp=0x0000000002c8e618 mode 2
Event: 6.609 Thread 0x0000000002c92800 DEOPT PACKING pc=0x0000000002f68a64 sp=0x0000000002c8e5f0
Event: 6.609 Thread 0x0000000002c92800 DEOPT UNPACKING pc=0x0000000002dc9164 sp=0x0000000002c8e588 mode 2
Event: 6.610 Thread 0x0000000009260800 flushing nmethod 0x0000000002e65950
Event: 6.610 Thread 0x0000000009260800 flushing nmethod 0x0000000002e70ed0
Event: 6.610 Thread 0x0000000009260800 flushing nmethod 0x0000000002e71b10
Event: 6.610 Thread 0x0000000009260800 flushing nmethod 0x0000000002e7a590
Event: 6.620 Thread 0x0000000009260800 flushing nmethod 0x0000000002e80f90
Event: 6.633 Thread 0x0000000009262800 flushing nmethod 0x0000000002e9ad90


Dynamic libraries:
0x00007ff75c010000 - 0x00007ff75c043000 	C:\Program Files\Java\jdk1.7.0_11\bin\java.exe
0x00007ffb75160000 - 0x00007ffb7530c000 	C:\WINDOWS\SYSTEM32\ntdll.dll
0x00007ffb74b60000 - 0x00007ffb74c9e000 	C:\WINDOWS\system32\KERNEL32.DLL
0x00007ffb726d0000 - 0x00007ffb727e5000 	C:\WINDOWS\system32\KERNELBASE.dll
0x00007ffb70e60000 - 0x00007ffb70eee000 	C:\WINDOWS\system32\apphelp.dll
0x00007ffb60df0000 - 0x00007ffb60e43000 	C:\WINDOWS\AppPatch\AppPatch64\AcGenral.DLL
0x00007ffb747c0000 - 0x00007ffb7486a000 	C:\WINDOWS\system32\msvcrt.dll
0x00007ffb720f0000 - 0x00007ffb7211e000 	C:\WINDOWS\SYSTEM32\SspiCli.dll
0x00007ffb74d60000 - 0x00007ffb74db4000 	C:\WINDOWS\system32\SHLWAPI.dll
0x00007ffb743c0000 - 0x00007ffb74537000 	C:\WINDOWS\system32\USER32.dll
0x00007ffb74210000 - 0x00007ffb743a4000 	C:\WINDOWS\system32\ole32.dll
0x00007ffb72ce0000 - 0x00007ffb741f9000 	C:\WINDOWS\system32\SHELL32.dll
0x00007ffb718c0000 - 0x00007ffb718e1000 	C:\WINDOWS\SYSTEM32\USERENV.dll
0x00007ffb727f0000 - 0x00007ffb7289a000 	C:\WINDOWS\system32\ADVAPI32.dll
0x00007ffb653b0000 - 0x00007ffb653ce000 	C:\WINDOWS\SYSTEM32\MPR.dll
0x00007ffb728b0000 - 0x00007ffb729f1000 	C:\WINDOWS\system32\RPCRT4.dll
0x00007ffb74870000 - 0x00007ffb748c9000 	C:\WINDOWS\SYSTEM32\sechost.dll
0x00007ffb72a00000 - 0x00007ffb72c11000 	C:\WINDOWS\SYSTEM32\combase.dll
0x00007ffb74a10000 - 0x00007ffb74b5f000 	C:\WINDOWS\system32\GDI32.dll
0x00007ffb722c0000 - 0x00007ffb722d5000 	C:\WINDOWS\SYSTEM32\profapi.dll
0x00007ffb70ad0000 - 0x00007ffb70b82000 	C:\WINDOWS\SYSTEM32\SHCORE.dll
0x00007ffb748d0000 - 0x00007ffb74906000 	C:\WINDOWS\system32\IMM32.DLL
0x00007ffb75000000 - 0x00007ffb75152000 	C:\WINDOWS\system32\MSCTF.dll
0x00007ffb70390000 - 0x00007ffb7060a000 	C:\WINDOWS\WinSxS\amd64_microsoft.windows.common-controls_6595b64144ccf1df_6.0.9600.17810_none_6240b9c7ecbd0bda\COMCTL32.dll
0x000000005ba10000 - 0x000000005bae1000 	C:\Program Files\Java\jdk1.7.0_11\jre\bin\msvcr100.dll
0x000000005beb0000 - 0x000000005c5cf000 	C:\Program Files\Java\jdk1.7.0_11\jre\bin\server\jvm.dll
0x00007ffb68ad0000 - 0x00007ffb68ad9000 	C:\WINDOWS\SYSTEM32\WSOCK32.dll
0x00007ffb6f380000 - 0x00007ffb6f3a2000 	C:\WINDOWS\SYSTEM32\WINMM.dll
0x00007ffb74200000 - 0x00007ffb74207000 	C:\WINDOWS\system32\PSAPI.DLL
0x00007ffb74dc0000 - 0x00007ffb74e1a000 	C:\WINDOWS\system32\WS2_32.dll
0x00007ffb6f340000 - 0x00007ffb6f36a000 	C:\WINDOWS\SYSTEM32\WINMMBASE.dll
0x00007ffb728a0000 - 0x00007ffb728a9000 	C:\WINDOWS\system32\NSI.dll
0x00007ffb72390000 - 0x00007ffb723df000 	C:\WINDOWS\SYSTEM32\cfgmgr32.dll
0x00007ffb710b0000 - 0x00007ffb710d8000 	C:\WINDOWS\SYSTEM32\DEVOBJ.dll
0x000000005dce0000 - 0x000000005dcef000 	C:\Program Files\Java\jdk1.7.0_11\jre\bin\verify.dll
0x000000005be80000 - 0x000000005bea8000 	C:\Program Files\Java\jdk1.7.0_11\jre\bin\java.dll
0x000000005be60000 - 0x000000005be75000 	C:\Program Files\Java\jdk1.7.0_11\jre\bin\zip.dll
0x000000005be40000 - 0x000000005be59000 	C:\Program Files\Java\jdk1.7.0_11\jre\bin\net.dll
0x00007ffb71b30000 - 0x00007ffb71b89000 	C:\WINDOWS\system32\mswsock.dll
0x000000005be20000 - 0x000000005be31000 	C:\Program Files\Java\jdk1.7.0_11\jre\bin\nio.dll

VM Arguments:
jvm_args: -Xmx1024M -Dfile.encoding=windows-1252 -Duser.country=FR -Duser.language=fr -Duser.variant 
java_command: com.android.dx.command.Main --dex --output D:\AndroidStudioProjects\WirelessHomeApplication\app\build\intermediates\pre-dexed\debug\classes-202ba9505225d2d95f027419bb2f9bda29588dc3.jar D:\AndroidStudioProjects\WirelessHomeApplication\app\build\intermediates\exploded-aar\com.android.support\recyclerview-v7\22.2.1\jars\classes.jar
Launcher Type: SUN_STANDARD

Environment Variables:
JAVA_HOME=C:\Program Files (x86)\Java\jdk1.5.0_01
USERNAME=Damine's
OS=Windows_NT
PROCESSOR_IDENTIFIER=Intel64 Family 6 Model 58 Stepping 9, GenuineIntel



---------------  S Y S T E M  ---------------

OS: Windows 8 , 64 bit Build 9200 

CPU:total 4 (2 cores per cpu, 2 threads per core) family 6 model 58 stepping 9, cmov, cx8, fxsr, mmx, sse, sse2, sse3, ssse3, sse4.1, sse4.2, popcnt, avx, ht, tsc, tscinvbit, tscinv

Memory: 4k page, physical 6174332k(1199624k free), swap 9320060k(6160k free)

vm_info: Java HotSpot(TM) 64-Bit Server VM (23.6-b04) for windows-amd64 JRE (1.7.0_11-b21), built on Jan 12 2013 02:38:42 by "java_re" with unknown MS VC++:1600

time: Wed Sep 30 15:51:10 2015
elapsed time: 6 seconds

