#
# There is insufficient memory for the Java Runtime Environment to continue.
# Native memory allocation (malloc) failed to allocate 904656 bytes for Chunk::new
# Possible reasons:
#   The system is out of physical RAM or swap space
#   In 32 bit mode, the process size limit was hit
# Possible solutions:
#   Reduce memory load on the system
#   Increase physical memory or swap space
#   Check if swap backing store is full
#   Use 64 bit Java on a 64 bit OS
#   Decrease Java heap size (-Xmx/-Xms)
#   Decrease number of Java threads
#   Decrease Java thread stack sizes (-Xss)
#   Set larger code cache with -XX:ReservedCodeCacheSize=
# This output file may be truncated or incomplete.
#
#  Out of Memory Error (allocation.cpp:328), pid=5692, tid=7660
#
# JRE version: 7.0_11-b21
# Java VM: Java HotSpot(TM) 64-Bit Server VM (23.6-b04 mixed mode windows-amd64 compressed oops)
# Failed to write core dump. Minidumps are not enabled by default on client versions of Windows
#

---------------  T H R E A D  ---------------

Current thread (0x0000000008852800):  JavaThread "C2 CompilerThread1" daemon [_thread_in_native, id=7660, stack(0x0000000009f00000,0x000000000a000000)]

Stack: [0x0000000009f00000,0x000000000a000000]

Current CompileTask:
C2:   5940  460   !         com.android.dx.cf.code.RopperMachine::run (1550 bytes)


---------------  P R O C E S S  ---------------

Java Threads: ( => current thread )
  0x0000000008864800 JavaThread "Service Thread" daemon [_thread_blocked, id=4792, stack(0x000000000a000000,0x000000000a100000)]
=>0x0000000008852800 JavaThread "C2 CompilerThread1" daemon [_thread_in_native, id=7660, stack(0x0000000009f00000,0x000000000a000000)]
  0x0000000008850800 JavaThread "C2 CompilerThread0" daemon [_thread_in_native, id=8356, stack(0x0000000009e00000,0x0000000009f00000)]
  0x000000000884f800 JavaThread "Attach Listener" daemon [_thread_blocked, id=7604, stack(0x0000000009d00000,0x0000000009e00000)]
  0x000000000884c000 JavaThread "Signal Dispatcher" daemon [_thread_blocked, id=8372, stack(0x0000000009c00000,0x0000000009d00000)]
  0x00000000087e2000 JavaThread "Finalizer" daemon [_thread_blocked, id=2928, stack(0x0000000009b00000,0x0000000009c00000)]
  0x00000000087de800 JavaThread "Reference Handler" daemon [_thread_blocked, id=196, stack(0x0000000009a00000,0x0000000009b00000)]
  0x0000000002282800 JavaThread "main" [_thread_in_Java, id=4876, stack(0x0000000002180000,0x0000000002280000)]

Other Threads:
  0x00000000087d7000 VMThread [stack: 0x0000000009900000,0x0000000009a00000] [id=7336]
  0x000000000886f800 WatcherThread [stack: 0x000000000a100000,0x000000000a200000] [id=8244]

VM state:not at safepoint (normal execution)

VM Mutex/Monitor currently owned by a thread: None

Heap
 PSYoungGen      total 52352K, used 33946K [0x00000000eaab0000, 0x00000000ee1b0000, 0x0000000100000000)
  eden space 48384K, 62% used [0x00000000eaab0000,0x00000000ec7fb990,0x00000000ed9f0000)
  from space 3968K, 99% used [0x00000000eddd0000,0x00000000ee1ab1c0,0x00000000ee1b0000)
  to   space 3968K, 0% used [0x00000000ed9f0000,0x00000000ed9f0000,0x00000000eddd0000)
 ParOldGen       total 64384K, used 12110K [0x00000000c0000000, 0x00000000c3ee0000, 0x00000000eaab0000)
  object space 64384K, 18% used [0x00000000c0000000,0x00000000c0bd39b0,0x00000000c3ee0000)
 PSPermGen       total 21248K, used 5756K [0x00000000bae00000, 0x00000000bc2c0000, 0x00000000c0000000)
  object space 21248K, 27% used [0x00000000bae00000,0x00000000bb39f0e8,0x00000000bc2c0000)

Card table byte_map: [0x0000000005440000,0x0000000005670000] byte_map_base: 0x0000000004e69000

Polling page: 0x0000000000870000

Code Cache  [0x0000000002380000, 0x00000000025f0000, 0x0000000005380000)
 total_blobs=690 nmethods=458 adapters=183 free_code_cache=47333Kb largest_free_block=48432960

Compilation events (10 events):
Event: 5.816 Thread 0x0000000008850800  457             com.android.dx.cf.direct.DirectClassFile::parseToInterfacesIfNecessary (13 bytes)
Event: 5.816 Thread 0x0000000008850800 nmethod 457 0x0000000002534010 code [0x0000000002534160, 0x00000000025341e8]
Event: 5.830 Thread 0x0000000008852800  458             com.android.dx.rop.code.RegisterSpec::getBasicFrameType (10 bytes)
Event: 5.830 Thread 0x0000000008852800 nmethod 458 0x0000000002533d90 code [0x0000000002533ee0, 0x0000000002533f58]
Event: 5.849 Thread 0x0000000008850800  459             com.android.dx.cf.code.BasicBlocker::visitCommon (34 bytes)
Event: 5.850 Thread 0x0000000008852800  460   !         com.android.dx.cf.code.RopperMachine::run (1550 bytes)
Event: 5.851 Thread 0x0000000008850800 nmethod 459 0x000000000253acd0 code [0x000000000253ae20, 0x000000000253af98]
Event: 5.871 Thread 0x0000000008850800  461             com.android.dx.dex.code.RopTranslator::getRegs (64 bytes)
Event: 5.880 Thread 0x0000000008850800 nmethod 461 0x0000000002536290 code [0x0000000002536420, 0x0000000002536868]
Event: 5.880 Thread 0x0000000008850800  462   !         com.android.dx.cf.code.BytecodeArray::parseInstruction (2764 bytes)

GC Heap History (8 events):
Event: 2.476 GC heap before
{Heap before GC invocations=1 (full 0):
 PSYoungGen      total 28160K, used 24192K [0x00000000eaab0000, 0x00000000eca10000, 0x0000000100000000)
  eden space 24192K, 100% used [0x00000000eaab0000,0x00000000ec250000,0x00000000ec250000)
  from space 3968K, 0% used [0x00000000ec630000,0x00000000ec630000,0x00000000eca10000)
  to   space 3968K, 0% used [0x00000000ec250000,0x00000000ec250000,0x00000000ec630000)
 ParOldGen       total 64384K, used 0K [0x00000000c0000000, 0x00000000c3ee0000, 0x00000000eaab0000)
  object space 64384K, 0% used [0x00000000c0000000,0x00000000c0000000,0x00000000c3ee0000)
 PSPermGen       total 21248K, used 5595K [0x00000000bae00000, 0x00000000bc2c0000, 0x00000000c0000000)
  object space 21248K, 26% used [0x00000000bae00000,0x00000000bb376de0,0x00000000bc2c0000)
Event: 2.484 GC heap after
Heap after GC invocations=1 (full 0):
 PSYoungGen      total 28160K, used 3945K [0x00000000eaab0000, 0x00000000eca10000, 0x0000000100000000)
  eden space 24192K, 0% used [0x00000000eaab0000,0x00000000eaab0000,0x00000000ec250000)
  from space 3968K, 99% used [0x00000000ec250000,0x00000000ec62a428,0x00000000ec630000)
  to   space 3968K, 0% used [0x00000000ec630000,0x00000000ec630000,0x00000000eca10000)
 ParOldGen       total 64384K, used 1731K [0x00000000c0000000, 0x00000000c3ee0000, 0x00000000eaab0000)
  object space 64384K, 2% used [0x00000000c0000000,0x00000000c01b0d58,0x00000000c3ee0000)
 PSPermGen       total 21248K, used 5595K [0x00000000bae00000, 0x00000000bc2c0000, 0x00000000c0000000)
  object space 21248K, 26% used [0x00000000bae00000,0x00000000bb376de0,0x00000000bc2c0000)
}
Event: 3.926 GC heap before
{Heap before GC invocations=2 (full 0):
 PSYoungGen      total 28160K, used 28137K [0x00000000eaab0000, 0x00000000eca10000, 0x0000000100000000)
  eden space 24192K, 100% used [0x00000000eaab0000,0x00000000ec250000,0x00000000ec250000)
  from space 3968K, 99% used [0x00000000ec250000,0x00000000ec62a428,0x00000000ec630000)
  to   space 3968K, 0% used [0x00000000ec630000,0x00000000ec630000,0x00000000eca10000)
 ParOldGen       total 64384K, used 1731K [0x00000000c0000000, 0x00000000c3ee0000, 0x00000000eaab0000)
  object space 64384K, 2% used [0x00000000c0000000,0x00000000c01b0d58,0x00000000c3ee0000)
 PSPermGen       total 21248K, used 5699K [0x00000000bae00000, 0x00000000bc2c0000, 0x00000000c0000000)
  object space 21248K, 26% used [0x00000000bae00000,0x00000000bb390f78,0x00000000bc2c0000)
Event: 3.955 GC heap after
Heap after GC invocations=2 (full 0):
 PSYoungGen      total 28160K, used 3947K [0x00000000eaab0000, 0x00000000ee1b0000, 0x0000000100000000)
  eden space 24192K, 0% used [0x00000000eaab0000,0x00000000eaab0000,0x00000000ec250000)
  from space 3968K, 99% used [0x00000000ec630000,0x00000000eca0ad88,0x00000000eca10000)
  to   space 3968K, 0% used [0x00000000ec250000,0x00000000ec250000,0x00000000ec630000)
 ParOldGen       total 64384K, used 5654K [0x00000000c0000000, 0x00000000c3ee0000, 0x00000000eaab0000)
  object space 64384K, 8% used [0x00000000c0000000,0x00000000c0585aa8,0x00000000c3ee0000)
 PSPermGen       total 21248K, used 5699K [0x00000000bae00000, 0x00000000bc2c0000, 0x00000000c0000000)
  object space 21248K, 26% used [0x00000000bae00000,0x00000000bb390f78,0x00000000bc2c0000)
}
Event: 4.926 GC heap before
{Heap before GC invocations=3 (full 0):
 PSYoungGen      total 28160K, used 28139K [0x00000000eaab0000, 0x00000000ee1b0000, 0x0000000100000000)
  eden space 24192K, 100% used [0x00000000eaab0000,0x00000000ec250000,0x00000000ec250000)
  from space 3968K, 99% used [0x00000000ec630000,0x00000000eca0ad88,0x00000000eca10000)
  to   space 3968K, 0% used [0x00000000ec250000,0x00000000ec250000,0x00000000ec630000)
 ParOldGen       total 64384K, used 5654K [0x00000000c0000000, 0x00000000c3ee0000, 0x00000000eaab0000)
  object space 64384K, 8% used [0x00000000c0000000,0x00000000c0585aa8,0x00000000c3ee0000)
 PSPermGen       total 21248K, used 5726K [0x00000000bae00000, 0x00000000bc2c0000, 0x00000000c0000000)
  object space 21248K, 26% used [0x00000000bae00000,0x00000000bb3978a0,0x00000000bc2c0000)
Event: 4.937 GC heap after
Heap after GC invocations=3 (full 0):
 PSYoungGen      total 28160K, used 3958K [0x00000000eaab0000, 0x00000000ee1b0000, 0x0000000100000000)
  eden space 24192K, 0% used [0x00000000eaab0000,0x00000000eaab0000,0x00000000ec250000)
  from space 3968K, 99% used [0x00000000ec250000,0x00000000ec62db20,0x00000000ec630000)
  to   space 3968K, 0% used [0x00000000eddd0000,0x00000000eddd0000,0x00000000ee1b0000)
 ParOldGen       total 64384K, used 8372K [0x00000000c0000000, 0x00000000c3ee0000, 0x00000000eaab0000)
  object space 64384K, 13% used [0x00000000c0000000,0x00000000c082d1d0,0x00000000c3ee0000)
 PSPermGen       total 21248K, used 5726K [0x00000000bae00000, 0x00000000bc2c0000, 0x00000000c0000000)
  object space 21248K, 26% used [0x00000000bae00000,0x00000000bb3978a0,0x00000000bc2c0000)
}
Event: 5.303 GC heap before
{Heap before GC invocations=4 (full 0):
 PSYoungGen      total 28160K, used 28150K [0x00000000eaab0000, 0x00000000ee1b0000, 0x0000000100000000)
  eden space 24192K, 100% used [0x00000000eaab0000,0x00000000ec250000,0x00000000ec250000)
  from space 3968K, 99% used [0x00000000ec250000,0x00000000ec62db20,0x00000000ec630000)
  to   space 3968K, 0% used [0x00000000eddd0000,0x00000000eddd0000,0x00000000ee1b0000)
 ParOldGen       total 64384K, used 8372K [0x00000000c0000000, 0x00000000c3ee0000, 0x00000000eaab0000)
  object space 64384K, 13% used [0x00000000c0000000,0x00000000c082d1d0,0x00000000c3ee0000)
 PSPermGen       total 21248K, used 5743K [0x00000000bae00000, 0x00000000bc2c0000, 0x00000000c0000000)
  object space 21248K, 27% used [0x00000000bae00000,0x00000000bb39bca8,0x00000000bc2c0000)
Event: 5.322 GC heap after
Heap after GC invocations=4 (full 0):
 PSYoungGen      total 52352K, used 3948K [0x00000000eaab0000, 0x00000000ee1b0000, 0x0000000100000000)
  eden space 48384K, 0% used [0x00000000eaab0000,0x00000000eaab0000,0x00000000ed9f0000)
  from space 3968K, 99% used [0x00000000eddd0000,0x00000000ee1ab1c0,0x00000000ee1b0000)
  to   space 3968K, 0% used [0x00000000ed9f0000,0x00000000ed9f0000,0x00000000eddd0000)
 ParOldGen       total 64384K, used 12110K [0x00000000c0000000, 0x00000000c3ee0000, 0x00000000eaab0000)
  object space 64384K, 18% used [0x00000000c0000000,0x00000000c0bd39b0,0x00000000c3ee0000)
 PSPermGen       total 21248K, used 5743K [0x00000000bae00000, 0x00000000bc2c0000, 0x00000000c0000000)
  object space 21248K, 27% used [0x00000000bae00000,0x00000000bb39bca8,0x00000000bc2c0000)
}

Deoptimization events (10 events):
Event: 5.399 Thread 0x0000000002282800 Uncommon trap -58 fr.pc 0x00000000024eb5b4
Event: 5.399 Thread 0x0000000002282800 Uncommon trap -58 fr.pc 0x00000000024eb5b4
Event: 5.399 Thread 0x0000000002282800 Uncommon trap -58 fr.pc 0x00000000024eb5b4
Event: 5.399 Thread 0x0000000002282800 Uncommon trap -58 fr.pc 0x00000000024eb5b4
Event: 5.506 Thread 0x0000000002282800 Uncommon trap -12 fr.pc 0x0000000002443160
Event: 5.681 Thread 0x0000000002282800 Uncommon trap -58 fr.pc 0x0000000002499c3c
Event: 5.704 Thread 0x0000000002282800 Uncommon trap -58 fr.pc 0x0000000002499c3c
Event: 5.825 Thread 0x0000000002282800 Uncommon trap -58 fr.pc 0x00000000024ad4fc
Event: 5.825 Thread 0x0000000002282800 Uncommon trap -34 fr.pc 0x000000000250dbc8
Event: 5.826 Thread 0x0000000002282800 Uncommon trap -83 fr.pc 0x0000000002437450

Internal exceptions (10 events):
Event: 2.175 Thread 0x0000000002282800 Implicit null exception at 0x0000000002434d7e to 0x0000000002435e75
Event: 2.438 Thread 0x0000000002282800 Threw 0x00000000ec178930 at C:\jdk7u1_64p\jdk7u11\hotspot\src\share\vm\prims\jvm.cpp:1166
Event: 2.438 Thread 0x0000000002282800 Threw 0x00000000ec17aeb0 at C:\jdk7u1_64p\jdk7u11\hotspot\src\share\vm\prims\jvm.cpp:1166
Event: 2.440 Thread 0x0000000002282800 Implicit null exception at 0x000000000243dc0f to 0x000000000243e2e1
Event: 2.519 Thread 0x0000000002282800 Threw 0x00000000eaabeff8 at C:\jdk7u1_64p\jdk7u11\hotspot\src\share\vm\prims\jvm.cpp:1166
Event: 2.519 Thread 0x0000000002282800 Threw 0x00000000eaac4890 at C:\jdk7u1_64p\jdk7u11\hotspot\src\share\vm\prims\jvm.cpp:1166
Event: 2.520 Thread 0x0000000002282800 Threw 0x00000000eaac9e70 at C:\jdk7u1_64p\jdk7u11\hotspot\src\share\vm\prims\jvm.cpp:1166
Event: 4.989 Thread 0x0000000002282800 Threw 0x00000000eae2a928 at C:\jdk7u1_64p\jdk7u11\hotspot\src\share\vm\prims\jvm.cpp:1166
Event: 5.228 Thread 0x0000000002282800 Implicit null exception at 0x000000000252a41c to 0x000000000252acfd
Event: 5.506 Thread 0x0000000002282800 Implicit null exception at 0x0000000002441ed8 to 0x0000000002443131

Events (10 events):
Event: 5.681 Thread 0x0000000002282800 DEOPT PACKING pc=0x0000000002499c3c sp=0x000000000227e9f0
Event: 5.681 Thread 0x0000000002282800 DEOPT UNPACKING pc=0x00000000023b9164 sp=0x000000000227e998 mode 2
Event: 5.704 Thread 0x0000000002282800 DEOPT PACKING pc=0x0000000002499c3c sp=0x000000000227eac0
Event: 5.704 Thread 0x0000000002282800 DEOPT UNPACKING pc=0x00000000023b9164 sp=0x000000000227ea68 mode 2
Event: 5.825 Thread 0x0000000002282800 DEOPT PACKING pc=0x00000000024ad4fc sp=0x000000000227eae0
Event: 5.825 Thread 0x0000000002282800 DEOPT UNPACKING pc=0x00000000023b9164 sp=0x000000000227e998 mode 2
Event: 5.825 Thread 0x0000000002282800 DEOPT PACKING pc=0x000000000250dbc8 sp=0x000000000227eb00
Event: 5.825 Thread 0x0000000002282800 DEOPT UNPACKING pc=0x00000000023b9164 sp=0x000000000227ea98 mode 2
Event: 5.826 Thread 0x0000000002282800 DEOPT PACKING pc=0x0000000002437450 sp=0x000000000227eb20
Event: 5.826 Thread 0x0000000002282800 DEOPT UNPACKING pc=0x00000000023b9164 sp=0x000000000227eab8 mode 2


Dynamic libraries:
0x00007ff75c010000 - 0x00007ff75c043000 	C:\Program Files\Java\jdk1.7.0_11\bin\java.exe
0x00007ffb75160000 - 0x00007ffb7530c000 	C:\WINDOWS\SYSTEM32\ntdll.dll
0x00007ffb74b60000 - 0x00007ffb74c9e000 	C:\WINDOWS\system32\KERNEL32.DLL
0x00007ffb726d0000 - 0x00007ffb727e5000 	C:\WINDOWS\system32\KERNELBASE.dll
0x00007ffb70e60000 - 0x00007ffb70eee000 	C:\WINDOWS\system32\apphelp.dll
0x00007ffb60df0000 - 0x00007ffb60e43000 	C:\WINDOWS\AppPatch\AppPatch64\AcGenral.DLL
0x00007ffb747c0000 - 0x00007ffb7486a000 	C:\WINDOWS\system32\msvcrt.dll
0x00007ffb720f0000 - 0x00007ffb7211e000 	C:\WINDOWS\SYSTEM32\SspiCli.dll
0x00007ffb74d60000 - 0x00007ffb74db4000 	C:\WINDOWS\system32\SHLWAPI.dll
0x00007ffb743c0000 - 0x00007ffb74537000 	C:\WINDOWS\system32\USER32.dll
0x00007ffb74210000 - 0x00007ffb743a4000 	C:\WINDOWS\system32\ole32.dll
0x00007ffb72ce0000 - 0x00007ffb741f9000 	C:\WINDOWS\system32\SHELL32.dll
0x00007ffb718c0000 - 0x00007ffb718e1000 	C:\WINDOWS\SYSTEM32\USERENV.dll
0x00007ffb727f0000 - 0x00007ffb7289a000 	C:\WINDOWS\system32\ADVAPI32.dll
0x00007ffb653b0000 - 0x00007ffb653ce000 	C:\WINDOWS\SYSTEM32\MPR.dll
0x00007ffb728b0000 - 0x00007ffb729f1000 	C:\WINDOWS\system32\RPCRT4.dll
0x00007ffb74870000 - 0x00007ffb748c9000 	C:\WINDOWS\SYSTEM32\sechost.dll
0x00007ffb72a00000 - 0x00007ffb72c11000 	C:\WINDOWS\SYSTEM32\combase.dll
0x00007ffb74a10000 - 0x00007ffb74b5f000 	C:\WINDOWS\system32\GDI32.dll
0x00007ffb722c0000 - 0x00007ffb722d5000 	C:\WINDOWS\SYSTEM32\profapi.dll
0x00007ffb70ad0000 - 0x00007ffb70b82000 	C:\WINDOWS\SYSTEM32\SHCORE.dll
0x00007ffb748d0000 - 0x00007ffb74906000 	C:\WINDOWS\system32\IMM32.DLL
0x00007ffb75000000 - 0x00007ffb75152000 	C:\WINDOWS\system32\MSCTF.dll
0x00007ffb70390000 - 0x00007ffb7060a000 	C:\WINDOWS\WinSxS\amd64_microsoft.windows.common-controls_6595b64144ccf1df_6.0.9600.17810_none_6240b9c7ecbd0bda\COMCTL32.dll
0x000000005ba10000 - 0x000000005bae1000 	C:\Program Files\Java\jdk1.7.0_11\jre\bin\msvcr100.dll
0x000000005beb0000 - 0x000000005c5cf000 	C:\Program Files\Java\jdk1.7.0_11\jre\bin\server\jvm.dll
0x00007ffb68ad0000 - 0x00007ffb68ad9000 	C:\WINDOWS\SYSTEM32\WSOCK32.dll
0x00007ffb6f380000 - 0x00007ffb6f3a2000 	C:\WINDOWS\SYSTEM32\WINMM.dll
0x00007ffb74200000 - 0x00007ffb74207000 	C:\WINDOWS\system32\PSAPI.DLL
0x00007ffb74dc0000 - 0x00007ffb74e1a000 	C:\WINDOWS\system32\WS2_32.dll
0x00007ffb6f340000 - 0x00007ffb6f36a000 	C:\WINDOWS\SYSTEM32\WINMMBASE.dll
0x00007ffb728a0000 - 0x00007ffb728a9000 	C:\WINDOWS\system32\NSI.dll
0x00007ffb72390000 - 0x00007ffb723df000 	C:\WINDOWS\SYSTEM32\cfgmgr32.dll
0x00007ffb710b0000 - 0x00007ffb710d8000 	C:\WINDOWS\SYSTEM32\DEVOBJ.dll
0x000000005dce0000 - 0x000000005dcef000 	C:\Program Files\Java\jdk1.7.0_11\jre\bin\verify.dll
0x000000005be80000 - 0x000000005bea8000 	C:\Program Files\Java\jdk1.7.0_11\jre\bin\java.dll
0x000000005be60000 - 0x000000005be75000 	C:\Program Files\Java\jdk1.7.0_11\jre\bin\zip.dll
0x000000005be40000 - 0x000000005be59000 	C:\Program Files\Java\jdk1.7.0_11\jre\bin\net.dll
0x00007ffb71b30000 - 0x00007ffb71b89000 	C:\WINDOWS\system32\mswsock.dll
0x000000005be20000 - 0x000000005be31000 	C:\Program Files\Java\jdk1.7.0_11\jre\bin\nio.dll

VM Arguments:
jvm_args: -Xmx1024M -Dfile.encoding=windows-1252 -Duser.country=FR -Duser.language=fr -Duser.variant 
java_command: com.android.dx.command.Main --dex --output D:\AndroidStudioProjects\WirelessHomeApplication\app\build\intermediates\pre-dexed\debug\classes-24104abeecd7ecb25b2cc04509716d2a49c20f09.jar D:\AndroidStudioProjects\WirelessHomeApplication\app\build\intermediates\exploded-aar\com.android.support\support-v4\22.2.1\jars\classes.jar
Launcher Type: SUN_STANDARD

Environment Variables:
JAVA_HOME=C:\Program Files (x86)\Java\jdk1.5.0_01
USERNAME=Damine's
OS=Windows_NT
PROCESSOR_IDENTIFIER=Intel64 Family 6 Model 58 Stepping 9, GenuineIntel



---------------  S Y S T E M  ---------------

OS: Windows 8 , 64 bit Build 9200 

CPU:total 4 (2 cores per cpu, 2 threads per core) family 6 model 58 stepping 9, cmov, cx8, fxsr, mmx, sse, sse2, sse3, ssse3, sse4.1, sse4.2, popcnt, avx, ht, tsc, tscinvbit, tscinv

Memory: 4k page, physical 6174332k(1153804k free), swap 9320060k(5732k free)

vm_info: Java HotSpot(TM) 64-Bit Server VM (23.6-b04) for windows-amd64 JRE (1.7.0_11-b21), built on Jan 12 2013 02:38:42 by "java_re" with unknown MS VC++:1600

time: Wed Sep 30 15:48:12 2015
elapsed time: 5 seconds

