#
# There is insufficient memory for the Java Runtime Environment to continue.
# Native memory allocation (malloc) failed to allocate 371696 bytes for Chunk::new
# Possible reasons:
#   The system is out of physical RAM or swap space
#   In 32 bit mode, the process size limit was hit
# Possible solutions:
#   Reduce memory load on the system
#   Increase physical memory or swap space
#   Check if swap backing store is full
#   Use 64 bit Java on a 64 bit OS
#   Decrease Java heap size (-Xmx/-Xms)
#   Decrease number of Java threads
#   Decrease Java thread stack sizes (-Xss)
#   Set larger code cache with -XX:ReservedCodeCacheSize=
# This output file may be truncated or incomplete.
#
#  Out of Memory Error (allocation.cpp:328), pid=8636, tid=8848
#
# JRE version: 7.0_11-b21
# Java VM: Java HotSpot(TM) 64-Bit Server VM (23.6-b04 mixed mode windows-amd64 compressed oops)
# Failed to write core dump. Minidumps are not enabled by default on client versions of Windows
#

---------------  T H R E A D  ---------------

Current thread (0x0000000008760800):  JavaThread "C2 CompilerThread0" daemon [_thread_in_native, id=8848, stack(0x0000000009d10000,0x0000000009e10000)]

Stack: [0x0000000009d10000,0x0000000009e10000]

Current CompileTask:
C2:   7210  519             com.android.dx.dex.cf.CfTranslator::translate0 (259 bytes)


---------------  P R O C E S S  ---------------

Java Threads: ( => current thread )
  0x0000000008774800 JavaThread "Service Thread" daemon [_thread_blocked, id=7476, stack(0x0000000009f10000,0x000000000a010000)]
  0x0000000008762800 JavaThread "C2 CompilerThread1" daemon [_thread_in_native, id=8376, stack(0x0000000009e10000,0x0000000009f10000)]
=>0x0000000008760800 JavaThread "C2 CompilerThread0" daemon [_thread_in_native, id=8848, stack(0x0000000009d10000,0x0000000009e10000)]
  0x000000000875f800 JavaThread "Attach Listener" daemon [_thread_blocked, id=7292, stack(0x0000000009c10000,0x0000000009d10000)]
  0x000000000875c000 JavaThread "Signal Dispatcher" daemon [_thread_blocked, id=5592, stack(0x0000000009b10000,0x0000000009c10000)]
  0x00000000086f2000 JavaThread "Finalizer" daemon [_thread_blocked, id=8632, stack(0x0000000009a10000,0x0000000009b10000)]
  0x00000000086ee800 JavaThread "Reference Handler" daemon [_thread_blocked, id=8196, stack(0x0000000009910000,0x0000000009a10000)]
  0x0000000002252800 JavaThread "main" [_thread_in_Java, id=7800, stack(0x0000000002150000,0x0000000002250000)]

Other Threads:
  0x00000000086e7000 VMThread [stack: 0x0000000009810000,0x0000000009910000] [id=8388]
  0x000000000877d800 WatcherThread [stack: 0x000000000a010000,0x000000000a110000] [id=4496]

VM state:not at safepoint (normal execution)

VM Mutex/Monitor currently owned by a thread: None

Heap
 PSYoungGen      total 52352K, used 30277K [0x00000000eaab0000, 0x00000000ee1b0000, 0x0000000100000000)
  eden space 48384K, 54% used [0x00000000eaab0000,0x00000000ec461ae8,0x00000000ed9f0000)
  from space 3968K, 99% used [0x00000000ed9f0000,0x00000000eddcfaf0,0x00000000eddd0000)
  to   space 3968K, 0% used [0x00000000eddd0000,0x00000000eddd0000,0x00000000ee1b0000)
 ParOldGen       total 64384K, used 17166K [0x00000000c0000000, 0x00000000c3ee0000, 0x00000000eaab0000)
  object space 64384K, 26% used [0x00000000c0000000,0x00000000c10c3988,0x00000000c3ee0000)
 PSPermGen       total 21248K, used 5787K [0x00000000bae00000, 0x00000000bc2c0000, 0x00000000c0000000)
  object space 21248K, 27% used [0x00000000bae00000,0x00000000bb3a6d38,0x00000000bc2c0000)

Card table byte_map: [0x0000000005350000,0x0000000005580000] byte_map_base: 0x0000000004d79000

Polling page: 0x0000000000770000

Code Cache  [0x0000000002350000, 0x00000000025c0000, 0x0000000005350000)
 total_blobs=740 nmethods=508 adapters=183 free_code_cache=47169Kb largest_free_block=48207360

Compilation events (10 events):
Event: 7.066 Thread 0x0000000008760800    2 %           com.android.dx.dex.cf.CfTranslator::translate0 @ 141 (259 bytes)
Event: 7.093 Thread 0x0000000008760800 nmethod 2% 0x0000000002553e10 code [0x0000000002554060, 0x0000000002555340]
Event: 7.094 Thread 0x0000000008762800  515   !         com.android.dx.cf.code.BytecodeArray::parseInstruction (2764 bytes)
Event: 7.126 Thread 0x0000000008760800  516             com.android.dx.rop.code.Insn$BaseVisitor::visitThrowingCstInsn (1 bytes)
Event: 7.126 Thread 0x0000000008760800 nmethod 516 0x0000000002529950 code [0x0000000002529a80, 0x0000000002529ad8]
Event: 7.127 Thread 0x0000000008760800  517             com.android.dx.dex.code.RopTranslator$TranslationVisitor::visitThrowingCstInsn (225 bytes)
Event: 7.149 Thread 0x0000000008760800 nmethod 517 0x0000000002551510 code [0x0000000002551740, 0x00000000025524d0]
Event: 7.164 Thread 0x0000000008760800  518             com.android.dx.ssa.back.FirstFitLocalCombiningAllocator::addMapping (76 bytes)
Event: 7.172 Thread 0x0000000008760800 nmethod 518 0x000000000254d850 code [0x000000000254da00, 0x000000000254dfc0]
Event: 7.184 Thread 0x0000000008760800  519             com.android.dx.dex.cf.CfTranslator::translate0 (259 bytes)

GC Heap History (10 events):
Event: 2.703 GC heap before
{Heap before GC invocations=1 (full 0):
 PSYoungGen      total 28160K, used 24192K [0x00000000eaab0000, 0x00000000eca10000, 0x0000000100000000)
  eden space 24192K, 100% used [0x00000000eaab0000,0x00000000ec250000,0x00000000ec250000)
  from space 3968K, 0% used [0x00000000ec630000,0x00000000ec630000,0x00000000eca10000)
  to   space 3968K, 0% used [0x00000000ec250000,0x00000000ec250000,0x00000000ec630000)
 ParOldGen       total 64384K, used 0K [0x00000000c0000000, 0x00000000c3ee0000, 0x00000000eaab0000)
  object space 64384K, 0% used [0x00000000c0000000,0x00000000c0000000,0x00000000c3ee0000)
 PSPermGen       total 21248K, used 5582K [0x00000000bae00000, 0x00000000bc2c0000, 0x00000000c0000000)
  object space 21248K, 26% used [0x00000000bae00000,0x00000000bb3738d8,0x00000000bc2c0000)
Event: 2.715 GC heap after
Heap after GC invocations=1 (full 0):
 PSYoungGen      total 28160K, used 3964K [0x00000000eaab0000, 0x00000000eca10000, 0x0000000100000000)
  eden space 24192K, 0% used [0x00000000eaab0000,0x00000000eaab0000,0x00000000ec250000)
  from space 3968K, 99% used [0x00000000ec250000,0x00000000ec62f110,0x00000000ec630000)
  to   space 3968K, 0% used [0x00000000ec630000,0x00000000ec630000,0x00000000eca10000)
 ParOldGen       total 64384K, used 1127K [0x00000000c0000000, 0x00000000c3ee0000, 0x00000000eaab0000)
  object space 64384K, 1% used [0x00000000c0000000,0x00000000c0119de0,0x00000000c3ee0000)
 PSPermGen       total 21248K, used 5582K [0x00000000bae00000, 0x00000000bc2c0000, 0x00000000c0000000)
  object space 21248K, 26% used [0x00000000bae00000,0x00000000bb3738d8,0x00000000bc2c0000)
}
Event: 4.432 GC heap before
{Heap before GC invocations=2 (full 0):
 PSYoungGen      total 28160K, used 28156K [0x00000000eaab0000, 0x00000000eca10000, 0x0000000100000000)
  eden space 24192K, 100% used [0x00000000eaab0000,0x00000000ec250000,0x00000000ec250000)
  from space 3968K, 99% used [0x00000000ec250000,0x00000000ec62f110,0x00000000ec630000)
  to   space 3968K, 0% used [0x00000000ec630000,0x00000000ec630000,0x00000000eca10000)
 ParOldGen       total 64384K, used 1127K [0x00000000c0000000, 0x00000000c3ee0000, 0x00000000eaab0000)
  object space 64384K, 1% used [0x00000000c0000000,0x00000000c0119de0,0x00000000c3ee0000)
 PSPermGen       total 21248K, used 5694K [0x00000000bae00000, 0x00000000bc2c0000, 0x00000000c0000000)
  object space 21248K, 26% used [0x00000000bae00000,0x00000000bb38f830,0x00000000bc2c0000)
Event: 4.468 GC heap after
Heap after GC invocations=2 (full 0):
 PSYoungGen      total 28160K, used 3961K [0x00000000eaab0000, 0x00000000ee1b0000, 0x0000000100000000)
  eden space 24192K, 0% used [0x00000000eaab0000,0x00000000eaab0000,0x00000000ec250000)
  from space 3968K, 99% used [0x00000000ec630000,0x00000000eca0e448,0x00000000eca10000)
  to   space 3968K, 0% used [0x00000000ec250000,0x00000000ec250000,0x00000000ec630000)
 ParOldGen       total 64384K, used 4067K [0x00000000c0000000, 0x00000000c3ee0000, 0x00000000eaab0000)
  object space 64384K, 6% used [0x00000000c0000000,0x00000000c03f8c08,0x00000000c3ee0000)
 PSPermGen       total 21248K, used 5694K [0x00000000bae00000, 0x00000000bc2c0000, 0x00000000c0000000)
  object space 21248K, 26% used [0x00000000bae00000,0x00000000bb38f830,0x00000000bc2c0000)
}
Event: 5.215 GC heap before
{Heap before GC invocations=3 (full 0):
 PSYoungGen      total 28160K, used 28153K [0x00000000eaab0000, 0x00000000ee1b0000, 0x0000000100000000)
  eden space 24192K, 100% used [0x00000000eaab0000,0x00000000ec250000,0x00000000ec250000)
  from space 3968K, 99% used [0x00000000ec630000,0x00000000eca0e448,0x00000000eca10000)
  to   space 3968K, 0% used [0x00000000ec250000,0x00000000ec250000,0x00000000ec630000)
 ParOldGen       total 64384K, used 4067K [0x00000000c0000000, 0x00000000c3ee0000, 0x00000000eaab0000)
  object space 64384K, 6% used [0x00000000c0000000,0x00000000c03f8c08,0x00000000c3ee0000)
 PSPermGen       total 21248K, used 5720K [0x00000000bae00000, 0x00000000bc2c0000, 0x00000000c0000000)
  object space 21248K, 26% used [0x00000000bae00000,0x00000000bb396030,0x00000000bc2c0000)
Event: 5.257 GC heap after
Heap after GC invocations=3 (full 0):
 PSYoungGen      total 28160K, used 3961K [0x00000000eaab0000, 0x00000000ee1b0000, 0x0000000100000000)
  eden space 24192K, 0% used [0x00000000eaab0000,0x00000000eaab0000,0x00000000ec250000)
  from space 3968K, 99% used [0x00000000ec250000,0x00000000ec62e468,0x00000000ec630000)
  to   space 3968K, 0% used [0x00000000eddd0000,0x00000000eddd0000,0x00000000ee1b0000)
 ParOldGen       total 64384K, used 6812K [0x00000000c0000000, 0x00000000c3ee0000, 0x00000000eaab0000)
  object space 64384K, 10% used [0x00000000c0000000,0x00000000c06a7238,0x00000000c3ee0000)
 PSPermGen       total 21248K, used 5720K [0x00000000bae00000, 0x00000000bc2c0000, 0x00000000c0000000)
  object space 21248K, 26% used [0x00000000bae00000,0x00000000bb396030,0x00000000bc2c0000)
}
Event: 5.687 GC heap before
{Heap before GC invocations=4 (full 0):
 PSYoungGen      total 28160K, used 28153K [0x00000000eaab0000, 0x00000000ee1b0000, 0x0000000100000000)
  eden space 24192K, 100% used [0x00000000eaab0000,0x00000000ec250000,0x00000000ec250000)
  from space 3968K, 99% used [0x00000000ec250000,0x00000000ec62e468,0x00000000ec630000)
  to   space 3968K, 0% used [0x00000000eddd0000,0x00000000eddd0000,0x00000000ee1b0000)
 ParOldGen       total 64384K, used 6812K [0x00000000c0000000, 0x00000000c3ee0000, 0x00000000eaab0000)
  object space 64384K, 10% used [0x00000000c0000000,0x00000000c06a7238,0x00000000c3ee0000)
 PSPermGen       total 21248K, used 5737K [0x00000000bae00000, 0x00000000bc2c0000, 0x00000000c0000000)
  object space 21248K, 27% used [0x00000000bae00000,0x00000000bb39a558,0x00000000bc2c0000)
Event: 5.741 GC heap after
Heap after GC invocations=4 (full 0):
 PSYoungGen      total 52352K, used 3963K [0x00000000eaab0000, 0x00000000ee1b0000, 0x0000000100000000)
  eden space 48384K, 0% used [0x00000000eaab0000,0x00000000eaab0000,0x00000000ed9f0000)
  from space 3968K, 99% used [0x00000000eddd0000,0x00000000ee1aedb8,0x00000000ee1b0000)
  to   space 3968K, 0% used [0x00000000ed9f0000,0x00000000ed9f0000,0x00000000eddd0000)
 ParOldGen       total 64384K, used 10121K [0x00000000c0000000, 0x00000000c3ee0000, 0x00000000eaab0000)
  object space 64384K, 15% used [0x00000000c0000000,0x00000000c09e27c0,0x00000000c3ee0000)
 PSPermGen       total 21248K, used 5737K [0x00000000bae00000, 0x00000000bc2c0000, 0x00000000c0000000)
  object space 21248K, 27% used [0x00000000bae00000,0x00000000bb39a558,0x00000000bc2c0000)
}
Event: 6.796 GC heap before
{Heap before GC invocations=5 (full 0):
 PSYoungGen      total 52352K, used 52347K [0x00000000eaab0000, 0x00000000ee1b0000, 0x0000000100000000)
  eden space 48384K, 100% used [0x00000000eaab0000,0x00000000ed9f0000,0x00000000ed9f0000)
  from space 3968K, 99% used [0x00000000eddd0000,0x00000000ee1aedb8,0x00000000ee1b0000)
  to   space 3968K, 0% used [0x00000000ed9f0000,0x00000000ed9f0000,0x00000000eddd0000)
 ParOldGen       total 64384K, used 10121K [0x00000000c0000000, 0x00000000c3ee0000, 0x00000000eaab0000)
  object space 64384K, 15% used [0x00000000c0000000,0x00000000c09e27c0,0x00000000c3ee0000)
 PSPermGen       total 21248K, used 5767K [0x00000000bae00000, 0x00000000bc2c0000, 0x00000000c0000000)
  object space 21248K, 27% used [0x00000000bae00000,0x00000000bb3a1e18,0x00000000bc2c0000)
Event: 6.855 GC heap after
Heap after GC invocations=5 (full 0):
 PSYoungGen      total 52352K, used 3966K [0x00000000eaab0000, 0x00000000ee1b0000, 0x0000000100000000)
  eden space 48384K, 0% used [0x00000000eaab0000,0x00000000eaab0000,0x00000000ed9f0000)
  from space 3968K, 99% used [0x00000000ed9f0000,0x00000000eddcfaf0,0x00000000eddd0000)
  to   space 3968K, 0% used [0x00000000eddd0000,0x00000000eddd0000,0x00000000ee1b0000)
 ParOldGen       total 64384K, used 17166K [0x00000000c0000000, 0x00000000c3ee0000, 0x00000000eaab0000)
  object space 64384K, 26% used [0x00000000c0000000,0x00000000c10c3988,0x00000000c3ee0000)
 PSPermGen       total 21248K, used 5767K [0x00000000bae00000, 0x00000000bc2c0000, 0x00000000c0000000)
  object space 21248K, 27% used [0x00000000bae00000,0x00000000bb3a1e18,0x00000000bc2c0000)
}

Deoptimization events (10 events):
Event: 6.241 Thread 0x0000000002252800 Uncommon trap -12 fr.pc 0x0000000002525960
Event: 6.374 Thread 0x0000000002252800 Uncommon trap -34 fr.pc 0x00000000024d2394
Event: 6.674 Thread 0x0000000002252800 Uncommon trap -83 fr.pc 0x0000000002414f10
Event: 7.084 Thread 0x0000000002252800 Uncommon trap -58 fr.pc 0x0000000002536088
Event: 7.085 Thread 0x0000000002252800 Uncommon trap -58 fr.pc 0x0000000002536088
Event: 7.098 Thread 0x0000000002252800 Uncommon trap -34 fr.pc 0x00000000024032e4
Event: 7.101 Thread 0x0000000002252800 Uncommon trap -34 fr.pc 0x00000000024032e4
Event: 7.120 Thread 0x0000000002252800 Uncommon trap -58 fr.pc 0x0000000002515e20
Event: 7.123 Thread 0x0000000002252800 Uncommon trap -34 fr.pc 0x00000000024032e4
Event: 7.125 Thread 0x0000000002252800 Uncommon trap -34 fr.pc 0x00000000024032e4

Internal exceptions (10 events):
Event: 3.479 Thread 0x0000000002252800 Implicit null exception at 0x00000000023e8367 to 0x00000000023e8e75
Event: 3.922 Thread 0x0000000002252800 Threw 0x00000000eb929708 at C:\jdk7u1_64p\jdk7u11\hotspot\src\share\vm\prims\jvm.cpp:1166
Event: 3.923 Thread 0x0000000002252800 Threw 0x00000000eb92bc88 at C:\jdk7u1_64p\jdk7u11\hotspot\src\share\vm\prims\jvm.cpp:1166
Event: 3.944 Thread 0x0000000002252800 Threw 0x00000000eb9a4f80 at C:\jdk7u1_64p\jdk7u11\hotspot\src\share\vm\prims\jvm.cpp:1166
Event: 3.945 Thread 0x0000000002252800 Threw 0x00000000eb9aa818 at C:\jdk7u1_64p\jdk7u11\hotspot\src\share\vm\prims\jvm.cpp:1166
Event: 3.946 Thread 0x0000000002252800 Threw 0x00000000eb9afd70 at C:\jdk7u1_64p\jdk7u11\hotspot\src\share\vm\prims\jvm.cpp:1166
Event: 3.969 Thread 0x0000000002252800 Threw 0x00000000eba76d10 at C:\jdk7u1_64p\jdk7u11\hotspot\src\share\vm\prims\jvm.cpp:1166
Event: 4.933 Thread 0x0000000002252800 Implicit null exception at 0x000000000244cdd2 to 0x000000000244cec2
Event: 5.784 Thread 0x0000000002252800 Threw 0x00000000eac925f0 at C:\jdk7u1_64p\jdk7u11\hotspot\src\share\vm\prims\jvm.cpp:1166
Event: 6.202 Thread 0x0000000002252800 Threw 0x00000000ebc70740 at C:\jdk7u1_64p\jdk7u11\hotspot\src\share\vm\prims\jvm.cpp:1166

Events (10 events):
Event: 7.120 Thread 0x0000000002252800 DEOPT PACKING pc=0x0000000002515e20 sp=0x000000000224e710
Event: 7.120 Thread 0x0000000002252800 DEOPT UNPACKING pc=0x0000000002389164 sp=0x000000000224e6b0 mode 2
Event: 7.123 Thread 0x0000000002252800 DEOPT PACKING pc=0x00000000024032e4 sp=0x000000000224e560
Event: 7.123 Thread 0x0000000002252800 DEOPT UNPACKING pc=0x0000000002389164 sp=0x000000000224e4f8 mode 2
Event: 7.125 Thread 0x0000000002252800 DEOPT PACKING pc=0x00000000024032e4 sp=0x000000000224e4d0
Event: 7.125 Thread 0x0000000002252800 DEOPT UNPACKING pc=0x0000000002389164 sp=0x000000000224e468 mode 2
Event: 7.150 Thread 0x0000000008760800 flushing nmethod 0x000000000242c750
Event: 7.150 Thread 0x0000000008760800 flushing nmethod 0x0000000002435810
Event: 7.172 Thread 0x0000000008760800 flushing nmethod 0x000000000243cd10
Event: 7.172 Thread 0x0000000008760800 flushing nmethod 0x0000000002445550


Dynamic libraries:
0x00007ff75c010000 - 0x00007ff75c043000 	C:\Program Files\Java\jdk1.7.0_11\bin\java.exe
0x00007ffb75160000 - 0x00007ffb7530c000 	C:\WINDOWS\SYSTEM32\ntdll.dll
0x00007ffb74b60000 - 0x00007ffb74c9e000 	C:\WINDOWS\system32\KERNEL32.DLL
0x00007ffb726d0000 - 0x00007ffb727e5000 	C:\WINDOWS\system32\KERNELBASE.dll
0x00007ffb70e60000 - 0x00007ffb70eee000 	C:\WINDOWS\system32\apphelp.dll
0x00007ffb60df0000 - 0x00007ffb60e43000 	C:\WINDOWS\AppPatch\AppPatch64\AcGenral.DLL
0x00007ffb747c0000 - 0x00007ffb7486a000 	C:\WINDOWS\system32\msvcrt.dll
0x00007ffb720f0000 - 0x00007ffb7211e000 	C:\WINDOWS\SYSTEM32\SspiCli.dll
0x00007ffb74d60000 - 0x00007ffb74db4000 	C:\WINDOWS\system32\SHLWAPI.dll
0x00007ffb743c0000 - 0x00007ffb74537000 	C:\WINDOWS\system32\USER32.dll
0x00007ffb74210000 - 0x00007ffb743a4000 	C:\WINDOWS\system32\ole32.dll
0x00007ffb72ce0000 - 0x00007ffb741f9000 	C:\WINDOWS\system32\SHELL32.dll
0x00007ffb718c0000 - 0x00007ffb718e1000 	C:\WINDOWS\SYSTEM32\USERENV.dll
0x00007ffb727f0000 - 0x00007ffb7289a000 	C:\WINDOWS\system32\ADVAPI32.dll
0x00007ffb653b0000 - 0x00007ffb653ce000 	C:\WINDOWS\SYSTEM32\MPR.dll
0x00007ffb728b0000 - 0x00007ffb729f1000 	C:\WINDOWS\system32\RPCRT4.dll
0x00007ffb74870000 - 0x00007ffb748c9000 	C:\WINDOWS\SYSTEM32\sechost.dll
0x00007ffb72a00000 - 0x00007ffb72c11000 	C:\WINDOWS\SYSTEM32\combase.dll
0x00007ffb74a10000 - 0x00007ffb74b5f000 	C:\WINDOWS\system32\GDI32.dll
0x00007ffb722c0000 - 0x00007ffb722d5000 	C:\WINDOWS\SYSTEM32\profapi.dll
0x00007ffb70ad0000 - 0x00007ffb70b82000 	C:\WINDOWS\SYSTEM32\SHCORE.dll
0x00007ffb748d0000 - 0x00007ffb74906000 	C:\WINDOWS\system32\IMM32.DLL
0x00007ffb75000000 - 0x00007ffb75152000 	C:\WINDOWS\system32\MSCTF.dll
0x00007ffb70390000 - 0x00007ffb7060a000 	C:\WINDOWS\WinSxS\amd64_microsoft.windows.common-controls_6595b64144ccf1df_6.0.9600.17810_none_6240b9c7ecbd0bda\COMCTL32.dll
0x000000005ba10000 - 0x000000005bae1000 	C:\Program Files\Java\jdk1.7.0_11\jre\bin\msvcr100.dll
0x000000005beb0000 - 0x000000005c5cf000 	C:\Program Files\Java\jdk1.7.0_11\jre\bin\server\jvm.dll
0x00007ffb68ad0000 - 0x00007ffb68ad9000 	C:\WINDOWS\SYSTEM32\WSOCK32.dll
0x00007ffb6f380000 - 0x00007ffb6f3a2000 	C:\WINDOWS\SYSTEM32\WINMM.dll
0x00007ffb74200000 - 0x00007ffb74207000 	C:\WINDOWS\system32\PSAPI.DLL
0x00007ffb74dc0000 - 0x00007ffb74e1a000 	C:\WINDOWS\system32\WS2_32.dll
0x00007ffb6f340000 - 0x00007ffb6f36a000 	C:\WINDOWS\SYSTEM32\WINMMBASE.dll
0x00007ffb728a0000 - 0x00007ffb728a9000 	C:\WINDOWS\system32\NSI.dll
0x00007ffb72390000 - 0x00007ffb723df000 	C:\WINDOWS\SYSTEM32\cfgmgr32.dll
0x00007ffb710b0000 - 0x00007ffb710d8000 	C:\WINDOWS\SYSTEM32\DEVOBJ.dll
0x000000005dce0000 - 0x000000005dcef000 	C:\Program Files\Java\jdk1.7.0_11\jre\bin\verify.dll
0x000000005be80000 - 0x000000005bea8000 	C:\Program Files\Java\jdk1.7.0_11\jre\bin\java.dll
0x000000005be60000 - 0x000000005be75000 	C:\Program Files\Java\jdk1.7.0_11\jre\bin\zip.dll
0x000000005be40000 - 0x000000005be59000 	C:\Program Files\Java\jdk1.7.0_11\jre\bin\net.dll
0x00007ffb71b30000 - 0x00007ffb71b89000 	C:\WINDOWS\system32\mswsock.dll
0x000000005be20000 - 0x000000005be31000 	C:\Program Files\Java\jdk1.7.0_11\jre\bin\nio.dll

VM Arguments:
jvm_args: -Xmx1024M -Dfile.encoding=windows-1252 -Duser.country=FR -Duser.language=fr -Duser.variant 
java_command: com.android.dx.command.Main --dex --output D:\AndroidStudioProjects\WirelessHomeApplication\app\build\intermediates\pre-dexed\debug\classes-202ba9505225d2d95f027419bb2f9bda29588dc3.jar D:\AndroidStudioProjects\WirelessHomeApplication\app\build\intermediates\exploded-aar\com.android.support\recyclerview-v7\22.2.1\jars\classes.jar
Launcher Type: SUN_STANDARD

Environment Variables:
JAVA_HOME=C:\Program Files (x86)\Java\jdk1.5.0_01
USERNAME=Damine's
OS=Windows_NT
PROCESSOR_IDENTIFIER=Intel64 Family 6 Model 58 Stepping 9, GenuineIntel



---------------  S Y S T E M  ---------------

OS: Windows 8 , 64 bit Build 9200 

CPU:total 4 (2 cores per cpu, 2 threads per core) family 6 model 58 stepping 9, cmov, cx8, fxsr, mmx, sse, sse2, sse3, ssse3, sse4.1, sse4.2, popcnt, avx, ht, tsc, tscinvbit, tscinv

Memory: 4k page, physical 6174332k(1115960k free), swap 9320060k(5312k free)

vm_info: Java HotSpot(TM) 64-Bit Server VM (23.6-b04) for windows-amd64 JRE (1.7.0_11-b21), built on Jan 12 2013 02:38:42 by "java_re" with unknown MS VC++:1600

time: Wed Sep 30 15:47:45 2015
elapsed time: 7 seconds

