#
# There is insufficient memory for the Java Runtime Environment to continue.
# Native memory allocation (malloc) failed to allocate 128368 bytes for Chunk::new
# Possible reasons:
#   The system is out of physical RAM or swap space
#   In 32 bit mode, the process size limit was hit
# Possible solutions:
#   Reduce memory load on the system
#   Increase physical memory or swap space
#   Check if swap backing store is full
#   Use 64 bit Java on a 64 bit OS
#   Decrease Java heap size (-Xmx/-Xms)
#   Decrease number of Java threads
#   Decrease Java thread stack sizes (-Xss)
#   Set larger code cache with -XX:ReservedCodeCacheSize=
# This output file may be truncated or incomplete.
#
#  Out of Memory Error (allocation.cpp:328), pid=5544, tid=9060
#
# JRE version: 7.0_11-b21
# Java VM: Java HotSpot(TM) 64-Bit Server VM (23.6-b04 mixed mode windows-amd64 compressed oops)
# Failed to write core dump. Minidumps are not enabled by default on client versions of Windows
#

---------------  T H R E A D  ---------------

Current thread (0x0000000008782800):  JavaThread "C2 CompilerThread1" daemon [_thread_in_native, id=9060, stack(0x0000000009e30000,0x0000000009f30000)]

Stack: [0x0000000009e30000,0x0000000009f30000]

Current CompileTask:
C2:   5626  441   !         com.android.dx.cf.code.Ropper::doit (126 bytes)


---------------  P R O C E S S  ---------------

Java Threads: ( => current thread )
  0x0000000008794800 JavaThread "Service Thread" daemon [_thread_blocked, id=8864, stack(0x0000000009f30000,0x000000000a030000)]
=>0x0000000008782800 JavaThread "C2 CompilerThread1" daemon [_thread_in_native, id=9060, stack(0x0000000009e30000,0x0000000009f30000)]
  0x0000000008780800 JavaThread "C2 CompilerThread0" daemon [_thread_blocked, id=9196, stack(0x0000000009d30000,0x0000000009e30000)]
  0x000000000877f800 JavaThread "Attach Listener" daemon [_thread_blocked, id=4268, stack(0x0000000009c30000,0x0000000009d30000)]
  0x000000000877c000 JavaThread "Signal Dispatcher" daemon [_thread_blocked, id=8084, stack(0x0000000009b30000,0x0000000009c30000)]
  0x0000000008712000 JavaThread "Finalizer" daemon [_thread_blocked, id=3004, stack(0x0000000009a30000,0x0000000009b30000)]
  0x000000000870e800 JavaThread "Reference Handler" daemon [_thread_blocked, id=4276, stack(0x0000000009930000,0x0000000009a30000)]
  0x00000000021b2800 JavaThread "main" [_thread_in_Java, id=8488, stack(0x00000000020b0000,0x00000000021b0000)]

Other Threads:
  0x0000000008707000 VMThread [stack: 0x0000000009830000,0x0000000009930000] [id=2184]
  0x000000000879d800 WatcherThread [stack: 0x000000000a030000,0x000000000a130000] [id=8028]

VM state:not at safepoint (normal execution)

VM Mutex/Monitor currently owned by a thread: None

Heap
 PSYoungGen      total 52352K, used 9714K [0x00000000eaab0000, 0x00000000f10f0000, 0x0000000100000000)
  eden space 48384K, 11% used [0x00000000eaab0000,0x00000000eb051648,0x00000000ed9f0000)
  from space 3968K, 99% used [0x00000000ed9f0000,0x00000000eddcb1d8,0x00000000eddd0000)
  to   space 3968K, 0% used [0x00000000f0d10000,0x00000000f0d10000,0x00000000f10f0000)
 ParOldGen       total 64384K, used 11879K [0x00000000c0000000, 0x00000000c3ee0000, 0x00000000eaab0000)
  object space 64384K, 18% used [0x00000000c0000000,0x00000000c0b99ed0,0x00000000c3ee0000)
 PSPermGen       total 21248K, used 5745K [0x00000000bae00000, 0x00000000bc2c0000, 0x00000000c0000000)
  object space 21248K, 27% used [0x00000000bae00000,0x00000000bb39c420,0x00000000bc2c0000)

Card table byte_map: [0x0000000005370000,0x00000000055a0000] byte_map_base: 0x0000000004d99000

Polling page: 0x0000000001f70000

Code Cache  [0x00000000022b0000, 0x0000000002520000, 0x00000000052b0000)
 total_blobs=668 nmethods=436 adapters=183 free_code_cache=47429Kb largest_free_block=48529024

Compilation events (10 events):
Event: 5.581 Thread 0x0000000008780800  437             java.util.BitSet::set (124 bytes)
Event: 5.588 Thread 0x0000000008780800 nmethod 437 0x000000000245bd50 code [0x000000000245bea0, 0x000000000245c248]
Event: 5.588 Thread 0x0000000008780800  438             java.util.BitSet::checkRange (104 bytes)
Event: 5.589 Thread 0x0000000008780800 nmethod 438 0x0000000002459310 code [0x0000000002459440, 0x00000000024594b8]
Event: 5.592 Thread 0x0000000008782800 nmethod 435 0x000000000245d210 code [0x000000000245d3c0, 0x000000000245db78]
Event: 5.602 Thread 0x0000000008780800  439             com.android.dx.cf.code.OneLocalsArray::<init> (22 bytes)
Event: 5.602 Thread 0x0000000008782800  440             com.android.dx.cf.code.LocalsArray::<init> (6 bytes)
Event: 5.602 Thread 0x0000000008782800 nmethod 440 0x000000000245d010 code [0x000000000245d140, 0x000000000245d198]
Event: 5.603 Thread 0x0000000008780800 nmethod 439 0x00000000023d8390 code [0x00000000023d84e0, 0x00000000023d85f8]
Event: 5.604 Thread 0x0000000008782800  441   !         com.android.dx.cf.code.Ropper::doit (126 bytes)

GC Heap History (6 events):
Event: 2.831 GC heap before
{Heap before GC invocations=1 (full 0):
 PSYoungGen      total 28160K, used 24192K [0x00000000eaab0000, 0x00000000eca10000, 0x0000000100000000)
  eden space 24192K, 100% used [0x00000000eaab0000,0x00000000ec250000,0x00000000ec250000)
  from space 3968K, 0% used [0x00000000ec630000,0x00000000ec630000,0x00000000eca10000)
  to   space 3968K, 0% used [0x00000000ec250000,0x00000000ec250000,0x00000000ec630000)
 ParOldGen       total 64384K, used 0K [0x00000000c0000000, 0x00000000c3ee0000, 0x00000000eaab0000)
  object space 64384K, 0% used [0x00000000c0000000,0x00000000c0000000,0x00000000c3ee0000)
 PSPermGen       total 21248K, used 5593K [0x00000000bae00000, 0x00000000bc2c0000, 0x00000000c0000000)
  object space 21248K, 26% used [0x00000000bae00000,0x00000000bb376760,0x00000000bc2c0000)
Event: 2.881 GC heap after
Heap after GC invocations=1 (full 0):
 PSYoungGen      total 28160K, used 3964K [0x00000000eaab0000, 0x00000000ee1b0000, 0x0000000100000000)
  eden space 24192K, 0% used [0x00000000eaab0000,0x00000000eaab0000,0x00000000ec250000)
  from space 3968K, 99% used [0x00000000ec250000,0x00000000ec62f258,0x00000000ec630000)
  to   space 3968K, 0% used [0x00000000eddd0000,0x00000000eddd0000,0x00000000ee1b0000)
 ParOldGen       total 64384K, used 1677K [0x00000000c0000000, 0x00000000c3ee0000, 0x00000000eaab0000)
  object space 64384K, 2% used [0x00000000c0000000,0x00000000c01a3500,0x00000000c3ee0000)
 PSPermGen       total 21248K, used 5593K [0x00000000bae00000, 0x00000000bc2c0000, 0x00000000c0000000)
  object space 21248K, 26% used [0x00000000bae00000,0x00000000bb376760,0x00000000bc2c0000)
}
Event: 4.420 GC heap before
{Heap before GC invocations=2 (full 0):
 PSYoungGen      total 28160K, used 28156K [0x00000000eaab0000, 0x00000000ee1b0000, 0x0000000100000000)
  eden space 24192K, 100% used [0x00000000eaab0000,0x00000000ec250000,0x00000000ec250000)
  from space 3968K, 99% used [0x00000000ec250000,0x00000000ec62f258,0x00000000ec630000)
  to   space 3968K, 0% used [0x00000000eddd0000,0x00000000eddd0000,0x00000000ee1b0000)
 ParOldGen       total 64384K, used 1677K [0x00000000c0000000, 0x00000000c3ee0000, 0x00000000eaab0000)
  object space 64384K, 2% used [0x00000000c0000000,0x00000000c01a3500,0x00000000c3ee0000)
 PSPermGen       total 21248K, used 5698K [0x00000000bae00000, 0x00000000bc2c0000, 0x00000000c0000000)
  object space 21248K, 26% used [0x00000000bae00000,0x00000000bb390aa8,0x00000000bc2c0000)
Event: 4.471 GC heap after
Heap after GC invocations=2 (full 0):
 PSYoungGen      total 52352K, used 3947K [0x00000000eaab0000, 0x00000000ee1b0000, 0x0000000100000000)
  eden space 48384K, 0% used [0x00000000eaab0000,0x00000000eaab0000,0x00000000ed9f0000)
  from space 3968K, 99% used [0x00000000eddd0000,0x00000000ee1aad88,0x00000000ee1b0000)
  to   space 3968K, 0% used [0x00000000ed9f0000,0x00000000ed9f0000,0x00000000eddd0000)
 ParOldGen       total 64384K, used 5621K [0x00000000c0000000, 0x00000000c3ee0000, 0x00000000eaab0000)
  object space 64384K, 8% used [0x00000000c0000000,0x00000000c057d5f8,0x00000000c3ee0000)
 PSPermGen       total 21248K, used 5698K [0x00000000bae00000, 0x00000000bc2c0000, 0x00000000c0000000)
  object space 21248K, 26% used [0x00000000bae00000,0x00000000bb390aa8,0x00000000bc2c0000)
}
Event: 5.533 GC heap before
{Heap before GC invocations=3 (full 0):
 PSYoungGen      total 52352K, used 52331K [0x00000000eaab0000, 0x00000000ee1b0000, 0x0000000100000000)
  eden space 48384K, 100% used [0x00000000eaab0000,0x00000000ed9f0000,0x00000000ed9f0000)
  from space 3968K, 99% used [0x00000000eddd0000,0x00000000ee1aad88,0x00000000ee1b0000)
  to   space 3968K, 0% used [0x00000000ed9f0000,0x00000000ed9f0000,0x00000000eddd0000)
 ParOldGen       total 64384K, used 5621K [0x00000000c0000000, 0x00000000c3ee0000, 0x00000000eaab0000)
  object space 64384K, 8% used [0x00000000c0000000,0x00000000c057d5f8,0x00000000c3ee0000)
 PSPermGen       total 21248K, used 5743K [0x00000000bae00000, 0x00000000bc2c0000, 0x00000000c0000000)
  object space 21248K, 27% used [0x00000000bae00000,0x00000000bb39bc10,0x00000000bc2c0000)
Event: 5.551 GC heap after
Heap after GC invocations=3 (full 0):
 PSYoungGen      total 52352K, used 3948K [0x00000000eaab0000, 0x00000000f10f0000, 0x0000000100000000)
  eden space 48384K, 0% used [0x00000000eaab0000,0x00000000eaab0000,0x00000000ed9f0000)
  from space 3968K, 99% used [0x00000000ed9f0000,0x00000000eddcb1d8,0x00000000eddd0000)
  to   space 3968K, 0% used [0x00000000f0d10000,0x00000000f0d10000,0x00000000f10f0000)
 ParOldGen       total 64384K, used 11879K [0x00000000c0000000, 0x00000000c3ee0000, 0x00000000eaab0000)
  object space 64384K, 18% used [0x00000000c0000000,0x00000000c0b99ed0,0x00000000c3ee0000)
 PSPermGen       total 21248K, used 5743K [0x00000000bae00000, 0x00000000bc2c0000, 0x00000000c0000000)
  object space 21248K, 27% used [0x00000000bae00000,0x00000000bb39bc10,0x00000000bc2c0000)
}

Deoptimization events (10 events):
Event: 5.052 Thread 0x00000000021b2800 Uncommon trap -83 fr.pc 0x00000000023821e4
Event: 5.265 Thread 0x00000000021b2800 Uncommon trap -58 fr.pc 0x00000000023c6798
Event: 5.268 Thread 0x00000000021b2800 Uncommon trap -58 fr.pc 0x00000000023c6798
Event: 5.410 Thread 0x00000000021b2800 Uncommon trap -34 fr.pc 0x000000000241e3c4
Event: 5.411 Thread 0x00000000021b2800 Uncommon trap -34 fr.pc 0x000000000241e3c4
Event: 5.556 Thread 0x00000000021b2800 Uncommon trap -12 fr.pc 0x000000000245fc94
Event: 5.616 Thread 0x00000000021b2800 Uncommon trap -58 fr.pc 0x000000000241e3b4
Event: 5.616 Thread 0x00000000021b2800 Uncommon trap -58 fr.pc 0x000000000241e3b4
Event: 5.616 Thread 0x00000000021b2800 Uncommon trap -58 fr.pc 0x000000000241e3b4
Event: 5.616 Thread 0x00000000021b2800 Uncommon trap -58 fr.pc 0x000000000241e3b4

Internal exceptions (10 events):
Event: 1.592 Thread 0x00000000021b2800 Threw 0x00000000eb9c2050 at C:\jdk7u1_64p\jdk7u11\hotspot\src\share\vm\prims\jvm.cpp:1166
Event: 1.609 Thread 0x00000000021b2800 Threw 0x00000000eb9e9178 at C:\jdk7u1_64p\jdk7u11\hotspot\src\share\vm\prims\jvm.cpp:1166
Event: 2.308 Thread 0x00000000021b2800 Implicit null exception at 0x0000000002366efe to 0x0000000002367ff5
Event: 2.700 Thread 0x00000000021b2800 Threw 0x00000000ec179c10 at C:\jdk7u1_64p\jdk7u11\hotspot\src\share\vm\prims\jvm.cpp:1166
Event: 2.700 Thread 0x00000000021b2800 Threw 0x00000000ec17c190 at C:\jdk7u1_64p\jdk7u11\hotspot\src\share\vm\prims\jvm.cpp:1166
Event: 2.886 Thread 0x00000000021b2800 Threw 0x00000000eaac0298 at C:\jdk7u1_64p\jdk7u11\hotspot\src\share\vm\prims\jvm.cpp:1166
Event: 2.886 Thread 0x00000000021b2800 Threw 0x00000000eaac5b30 at C:\jdk7u1_64p\jdk7u11\hotspot\src\share\vm\prims\jvm.cpp:1166
Event: 2.887 Thread 0x00000000021b2800 Threw 0x00000000eaacb110 at C:\jdk7u1_64p\jdk7u11\hotspot\src\share\vm\prims\jvm.cpp:1166
Event: 3.365 Thread 0x00000000021b2800 Implicit null exception at 0x000000000236568f to 0x0000000002365d61
Event: 5.238 Thread 0x00000000021b2800 Threw 0x00000000ec594b18 at C:\jdk7u1_64p\jdk7u11\hotspot\src\share\vm\prims\jvm.cpp:1166

Events (10 events):
Event: 5.556 Thread 0x00000000021b2800 DEOPT PACKING pc=0x000000000245fc94 sp=0x00000000021aedf0
Event: 5.556 Thread 0x00000000021b2800 DEOPT UNPACKING pc=0x00000000022e9164 sp=0x00000000021aed58 mode 2
Event: 5.616 Thread 0x00000000021b2800 DEOPT PACKING pc=0x000000000241e3b4 sp=0x00000000021ae950
Event: 5.616 Thread 0x00000000021b2800 DEOPT UNPACKING pc=0x00000000022e9164 sp=0x00000000021ae8c8 mode 2
Event: 5.616 Thread 0x00000000021b2800 DEOPT PACKING pc=0x000000000241e3b4 sp=0x00000000021ae950
Event: 5.616 Thread 0x00000000021b2800 DEOPT UNPACKING pc=0x00000000022e9164 sp=0x00000000021ae8c8 mode 2
Event: 5.616 Thread 0x00000000021b2800 DEOPT PACKING pc=0x000000000241e3b4 sp=0x00000000021ae950
Event: 5.616 Thread 0x00000000021b2800 DEOPT UNPACKING pc=0x00000000022e9164 sp=0x00000000021ae8c8 mode 2
Event: 5.616 Thread 0x00000000021b2800 DEOPT PACKING pc=0x000000000241e3b4 sp=0x00000000021ae950
Event: 5.616 Thread 0x00000000021b2800 DEOPT UNPACKING pc=0x00000000022e9164 sp=0x00000000021ae8c8 mode 2


Dynamic libraries:
0x00007ff75c010000 - 0x00007ff75c043000 	C:\Program Files\Java\jdk1.7.0_11\bin\java.exe
0x00007ffb75160000 - 0x00007ffb7530c000 	C:\WINDOWS\SYSTEM32\ntdll.dll
0x00007ffb74b60000 - 0x00007ffb74c9e000 	C:\WINDOWS\system32\KERNEL32.DLL
0x00007ffb726d0000 - 0x00007ffb727e5000 	C:\WINDOWS\system32\KERNELBASE.dll
0x00007ffb70e60000 - 0x00007ffb70eee000 	C:\WINDOWS\system32\apphelp.dll
0x00007ffb60df0000 - 0x00007ffb60e43000 	C:\WINDOWS\AppPatch\AppPatch64\AcGenral.DLL
0x00007ffb747c0000 - 0x00007ffb7486a000 	C:\WINDOWS\system32\msvcrt.dll
0x00007ffb720f0000 - 0x00007ffb7211e000 	C:\WINDOWS\SYSTEM32\SspiCli.dll
0x00007ffb74d60000 - 0x00007ffb74db4000 	C:\WINDOWS\system32\SHLWAPI.dll
0x00007ffb743c0000 - 0x00007ffb74537000 	C:\WINDOWS\system32\USER32.dll
0x00007ffb74210000 - 0x00007ffb743a4000 	C:\WINDOWS\system32\ole32.dll
0x00007ffb72ce0000 - 0x00007ffb741f9000 	C:\WINDOWS\system32\SHELL32.dll
0x00007ffb718c0000 - 0x00007ffb718e1000 	C:\WINDOWS\SYSTEM32\USERENV.dll
0x00007ffb727f0000 - 0x00007ffb7289a000 	C:\WINDOWS\system32\ADVAPI32.dll
0x00007ffb653b0000 - 0x00007ffb653ce000 	C:\WINDOWS\SYSTEM32\MPR.dll
0x00007ffb728b0000 - 0x00007ffb729f1000 	C:\WINDOWS\system32\RPCRT4.dll
0x00007ffb74870000 - 0x00007ffb748c9000 	C:\WINDOWS\SYSTEM32\sechost.dll
0x00007ffb72a00000 - 0x00007ffb72c11000 	C:\WINDOWS\SYSTEM32\combase.dll
0x00007ffb74a10000 - 0x00007ffb74b5f000 	C:\WINDOWS\system32\GDI32.dll
0x00007ffb722c0000 - 0x00007ffb722d5000 	C:\WINDOWS\SYSTEM32\profapi.dll
0x00007ffb70ad0000 - 0x00007ffb70b82000 	C:\WINDOWS\SYSTEM32\SHCORE.dll
0x00007ffb748d0000 - 0x00007ffb74906000 	C:\WINDOWS\system32\IMM32.DLL
0x00007ffb75000000 - 0x00007ffb75152000 	C:\WINDOWS\system32\MSCTF.dll
0x00007ffb70390000 - 0x00007ffb7060a000 	C:\WINDOWS\WinSxS\amd64_microsoft.windows.common-controls_6595b64144ccf1df_6.0.9600.17810_none_6240b9c7ecbd0bda\COMCTL32.dll
0x000000005ba10000 - 0x000000005bae1000 	C:\Program Files\Java\jdk1.7.0_11\jre\bin\msvcr100.dll
0x000000005beb0000 - 0x000000005c5cf000 	C:\Program Files\Java\jdk1.7.0_11\jre\bin\server\jvm.dll
0x00007ffb68ad0000 - 0x00007ffb68ad9000 	C:\WINDOWS\SYSTEM32\WSOCK32.dll
0x00007ffb6f380000 - 0x00007ffb6f3a2000 	C:\WINDOWS\SYSTEM32\WINMM.dll
0x00007ffb74200000 - 0x00007ffb74207000 	C:\WINDOWS\system32\PSAPI.DLL
0x00007ffb74dc0000 - 0x00007ffb74e1a000 	C:\WINDOWS\system32\WS2_32.dll
0x00007ffb6f340000 - 0x00007ffb6f36a000 	C:\WINDOWS\SYSTEM32\WINMMBASE.dll
0x00007ffb728a0000 - 0x00007ffb728a9000 	C:\WINDOWS\system32\NSI.dll
0x00007ffb72390000 - 0x00007ffb723df000 	C:\WINDOWS\SYSTEM32\cfgmgr32.dll
0x00007ffb710b0000 - 0x00007ffb710d8000 	C:\WINDOWS\SYSTEM32\DEVOBJ.dll
0x000000005dce0000 - 0x000000005dcef000 	C:\Program Files\Java\jdk1.7.0_11\jre\bin\verify.dll
0x000000005be80000 - 0x000000005bea8000 	C:\Program Files\Java\jdk1.7.0_11\jre\bin\java.dll
0x000000005be60000 - 0x000000005be75000 	C:\Program Files\Java\jdk1.7.0_11\jre\bin\zip.dll
0x000000005be40000 - 0x000000005be59000 	C:\Program Files\Java\jdk1.7.0_11\jre\bin\net.dll
0x00007ffb71b30000 - 0x00007ffb71b89000 	C:\WINDOWS\system32\mswsock.dll
0x000000005be20000 - 0x000000005be31000 	C:\Program Files\Java\jdk1.7.0_11\jre\bin\nio.dll

VM Arguments:
jvm_args: -Xmx1024M -Dfile.encoding=windows-1252 -Duser.country=FR -Duser.language=fr -Duser.variant 
java_command: com.android.dx.command.Main --dex --output D:\AndroidStudioProjects\WirelessHomeApplication\app\build\intermediates\pre-dexed\debug\classes-24104abeecd7ecb25b2cc04509716d2a49c20f09.jar D:\AndroidStudioProjects\WirelessHomeApplication\app\build\intermediates\exploded-aar\com.android.support\support-v4\22.2.1\jars\classes.jar
Launcher Type: SUN_STANDARD

Environment Variables:
JAVA_HOME=C:\Program Files (x86)\Java\jdk1.5.0_01
USERNAME=Damine's
OS=Windows_NT
PROCESSOR_IDENTIFIER=Intel64 Family 6 Model 58 Stepping 9, GenuineIntel



---------------  S Y S T E M  ---------------

OS: Windows 8 , 64 bit Build 9200 

CPU:total 4 (2 cores per cpu, 2 threads per core) family 6 model 58 stepping 9, cmov, cx8, fxsr, mmx, sse, sse2, sse3, ssse3, sse4.1, sse4.2, popcnt, avx, ht, tsc, tscinvbit, tscinv

Memory: 4k page, physical 6174332k(1340836k free), swap 9320060k(5160k free)

vm_info: Java HotSpot(TM) 64-Bit Server VM (23.6-b04) for windows-amd64 JRE (1.7.0_11-b21), built on Jan 12 2013 02:38:42 by "java_re" with unknown MS VC++:1600

time: Wed Sep 30 15:45:52 2015
elapsed time: 5 seconds

