#
# There is insufficient memory for the Java Runtime Environment to continue.
# Native memory allocation (malloc) failed to allocate 155456 bytes for Chunk::new
# Possible reasons:
#   The system is out of physical RAM or swap space
#   In 32 bit mode, the process size limit was hit
# Possible solutions:
#   Reduce memory load on the system
#   Increase physical memory or swap space
#   Check if swap backing store is full
#   Use 64 bit Java on a 64 bit OS
#   Decrease Java heap size (-Xmx/-Xms)
#   Decrease number of Java threads
#   Decrease Java thread stack sizes (-Xss)
#   Set larger code cache with -XX:ReservedCodeCacheSize=
# This output file may be truncated or incomplete.
#
#  Out of Memory Error (allocation.cpp:328), pid=8764, tid=8144
#
# JRE version: 7.0_11-b21
# Java VM: Java HotSpot(TM) 64-Bit Server VM (23.6-b04 mixed mode windows-amd64 compressed oops)
# Failed to write core dump. Minidumps are not enabled by default on client versions of Windows
#

---------------  T H R E A D  ---------------

Current thread (0x0000000008870800):  JavaThread "C2 CompilerThread0" daemon [_thread_in_native, id=8144, stack(0x0000000009e20000,0x0000000009f20000)]

Stack: [0x0000000009e20000,0x0000000009f20000]

Current CompileTask:
C2:   3910  268             com.android.dx.cf.code.BasicBlocker::getBlockList (208 bytes)


---------------  P R O C E S S  ---------------

Java Threads: ( => current thread )
  0x0000000008886000 JavaThread "Service Thread" daemon [_thread_blocked, id=5164, stack(0x000000000a020000,0x000000000a120000)]
  0x000000000887a800 JavaThread "C2 CompilerThread1" daemon [_thread_in_vm, id=8432, stack(0x0000000009f20000,0x000000000a020000)]
=>0x0000000008870800 JavaThread "C2 CompilerThread0" daemon [_thread_in_native, id=8144, stack(0x0000000009e20000,0x0000000009f20000)]
  0x000000000886f800 JavaThread "Attach Listener" daemon [_thread_blocked, id=4836, stack(0x0000000009d20000,0x0000000009e20000)]
  0x000000000886c000 JavaThread "Signal Dispatcher" daemon [_thread_blocked, id=7284, stack(0x0000000009c20000,0x0000000009d20000)]
  0x0000000008807800 JavaThread "Finalizer" daemon [_thread_blocked, id=7520, stack(0x0000000009b20000,0x0000000009c20000)]
  0x00000000087fe800 JavaThread "Reference Handler" daemon [_thread_blocked, id=8760, stack(0x0000000009a20000,0x0000000009b20000)]
  0x0000000002272800 JavaThread "main" [_thread_in_Java, id=2984, stack(0x0000000002150000,0x0000000002250000)]

Other Threads:
  0x00000000087f7000 VMThread [stack: 0x0000000009920000,0x0000000009a20000] [id=7836]
  0x0000000008893000 WatcherThread [stack: 0x000000000a120000,0x000000000a220000] [id=6380]

VM state:not at safepoint (normal execution)

VM Mutex/Monitor currently owned by a thread: None

Heap
 PSYoungGen      total 28160K, used 15074K [0x00000000eaab0000, 0x00000000ee1b0000, 0x0000000100000000)
  eden space 24192K, 46% used [0x00000000eaab0000,0x00000000eb58eb50,0x00000000ec250000)
  from space 3968K, 99% used [0x00000000ec250000,0x00000000ec629d90,0x00000000ec630000)
  to   space 3968K, 0% used [0x00000000eddd0000,0x00000000eddd0000,0x00000000ee1b0000)
 ParOldGen       total 64384K, used 1116K [0x00000000c0000000, 0x00000000c3ee0000, 0x00000000eaab0000)
  object space 64384K, 1% used [0x00000000c0000000,0x00000000c0117388,0x00000000c3ee0000)
 PSPermGen       total 21248K, used 5632K [0x00000000bae00000, 0x00000000bc2c0000, 0x00000000c0000000)
  object space 21248K, 26% used [0x00000000bae00000,0x00000000bb380218,0x00000000bc2c0000)

Card table byte_map: [0x0000000005430000,0x0000000005660000] byte_map_base: 0x0000000004e59000

Polling page: 0x0000000002100000

Code Cache  [0x0000000002370000, 0x00000000025e0000, 0x0000000005370000)
 total_blobs=499 nmethods=267 adapters=183 free_code_cache=48077Kb largest_free_block=49170752

Compilation events (10 events):
Event: 3.801 Thread 0x0000000008870800 nmethod 263 0x0000000002472290 code [0x0000000002472500, 0x0000000002473148]
Event: 3.801 Thread 0x0000000008870800  264             com.android.dx.ssa.SsaBasicBlock::forEachInsn (37 bytes)
Event: 3.804 Thread 0x0000000008870800 nmethod 264 0x0000000002461e90 code [0x0000000002462000, 0x0000000002462258]
Event: 3.842 Thread 0x0000000008870800  265             com.android.dx.ssa.BasicRegisterMapper::addMapping (68 bytes)
Event: 3.850 Thread 0x0000000008870800 nmethod 265 0x0000000002451e50 code [0x0000000002451fa0, 0x00000000024523f8]
Event: 3.850 Thread 0x0000000008870800  266             com.android.dx.rop.code.RegisterSpec::equals (51 bytes)
Event: 3.853 Thread 0x0000000008870800 nmethod 266 0x0000000002461590 code [0x00000000024616e0, 0x0000000002461a38]
Event: 3.853 Thread 0x0000000008870800  267             com.android.dx.rop.code.LocalItem::compareHandlesNulls (25 bytes)
Event: 3.854 Thread 0x0000000008870800 nmethod 267 0x0000000002451a50 code [0x0000000002451b80, 0x0000000002451cf8]
Event: 3.902 Thread 0x0000000008870800  268             com.android.dx.cf.code.BasicBlocker::getBlockList (208 bytes)

GC Heap History (2 events):
Event: 2.902 GC heap before
{Heap before GC invocations=1 (full 0):
 PSYoungGen      total 28160K, used 24192K [0x00000000eaab0000, 0x00000000eca10000, 0x0000000100000000)
  eden space 24192K, 100% used [0x00000000eaab0000,0x00000000ec250000,0x00000000ec250000)
  from space 3968K, 0% used [0x00000000ec630000,0x00000000ec630000,0x00000000eca10000)
  to   space 3968K, 0% used [0x00000000ec250000,0x00000000ec250000,0x00000000ec630000)
 ParOldGen       total 64384K, used 0K [0x00000000c0000000, 0x00000000c3ee0000, 0x00000000eaab0000)
  object space 64384K, 0% used [0x00000000c0000000,0x00000000c0000000,0x00000000c3ee0000)
 PSPermGen       total 21248K, used 5583K [0x00000000bae00000, 0x00000000bc2c0000, 0x00000000c0000000)
  object space 21248K, 26% used [0x00000000bae00000,0x00000000bb373c28,0x00000000bc2c0000)
Event: 2.961 GC heap after
Heap after GC invocations=1 (full 0):
 PSYoungGen      total 28160K, used 3943K [0x00000000eaab0000, 0x00000000ee1b0000, 0x0000000100000000)
  eden space 24192K, 0% used [0x00000000eaab0000,0x00000000eaab0000,0x00000000ec250000)
  from space 3968K, 99% used [0x00000000ec250000,0x00000000ec629d90,0x00000000ec630000)
  to   space 3968K, 0% used [0x00000000eddd0000,0x00000000eddd0000,0x00000000ee1b0000)
 ParOldGen       total 64384K, used 1116K [0x00000000c0000000, 0x00000000c3ee0000, 0x00000000eaab0000)
  object space 64384K, 1% used [0x00000000c0000000,0x00000000c0117388,0x00000000c3ee0000)
 PSPermGen       total 21248K, used 5583K [0x00000000bae00000, 0x00000000bc2c0000, 0x00000000c0000000)
  object space 21248K, 26% used [0x00000000bae00000,0x00000000bb373c28,0x00000000bc2c0000)
}

Deoptimization events (10 events):
Event: 1.644 Thread 0x0000000002272800 Uncommon trap -34 fr.pc 0x00000000023edd9c
Event: 1.766 Thread 0x0000000002272800 Uncommon trap -34 fr.pc 0x00000000023edd9c
Event: 2.751 Thread 0x0000000002272800 Uncommon trap -34 fr.pc 0x000000000240cbd0
Event: 2.751 Thread 0x0000000002272800 Uncommon trap -34 fr.pc 0x000000000240cbd0
Event: 2.752 Thread 0x0000000002272800 Uncommon trap -34 fr.pc 0x000000000240cbd0
Event: 2.999 Thread 0x0000000002272800 Uncommon trap -34 fr.pc 0x000000000240cbd0
Event: 3.056 Thread 0x0000000002272800 Uncommon trap -83 fr.pc 0x00000000023f4104
Event: 3.328 Thread 0x0000000002272800 Uncommon trap -34 fr.pc 0x00000000023f6288
Event: 3.801 Thread 0x0000000002272800 Uncommon trap -12 fr.pc 0x0000000002407dcc
Event: 3.904 Thread 0x0000000002272800 Uncommon trap -83 fr.pc 0x000000000242410c

Internal exceptions (10 events):
Event: 1.126 Thread 0x0000000002272800 Threw 0x00000000eb4d7700 at C:\jdk7u1_64p\jdk7u11\hotspot\src\share\vm\prims\jvm.cpp:1166
Event: 1.129 Thread 0x0000000002272800 Threw 0x00000000eb4e1550 at C:\jdk7u1_64p\jdk7u11\hotspot\src\share\vm\prims\jvm.cpp:1166
Event: 1.129 Thread 0x0000000002272800 Threw 0x00000000eb4e38c0 at C:\jdk7u1_64p\jdk7u11\hotspot\src\share\vm\prims\jvm.cpp:1166
Event: 1.131 Thread 0x0000000002272800 Threw 0x00000000eb4ea700 at C:\jdk7u1_64p\jdk7u11\hotspot\src\share\vm\prims\jvm.cpp:1166
Event: 1.131 Thread 0x0000000002272800 Threw 0x00000000eb4ecb78 at C:\jdk7u1_64p\jdk7u11\hotspot\src\share\vm\prims\jvm.cpp:1166
Event: 1.351 Thread 0x0000000002272800 Threw 0x00000000eb64eed8 at C:\jdk7u1_64p\jdk7u11\hotspot\src\share\vm\prims\jvm.cpp:1166
Event: 1.742 Thread 0x0000000002272800 Threw 0x00000000eb9dbc10 at C:\jdk7u1_64p\jdk7u11\hotspot\src\share\vm\prims\jvm.cpp:1166
Event: 2.553 Thread 0x0000000002272800 Threw 0x00000000ebeed710 at C:\jdk7u1_64p\jdk7u11\hotspot\src\share\vm\prims\jvm.cpp:1166
Event: 3.371 Thread 0x0000000002272800 Threw 0x00000000eafe2e40 at C:\jdk7u1_64p\jdk7u11\hotspot\src\share\vm\prims\jvm.cpp:1166
Event: 3.801 Thread 0x0000000002272800 Implicit null exception at 0x00000000024072a7 to 0x0000000002407db1

Events (10 events):
Event: 3.057 Thread 0x0000000002272800 DEOPT PACKING pc=0x00000000023f4104 sp=0x000000000224e3e0
Event: 3.057 Thread 0x0000000002272800 DEOPT UNPACKING pc=0x00000000023a9164 sp=0x000000000224e380 mode 2
Event: 3.328 Thread 0x0000000002272800 DEOPT PACKING pc=0x00000000023f6288 sp=0x000000000224e4d0
Event: 3.328 Thread 0x0000000002272800 DEOPT UNPACKING pc=0x00000000023a9164 sp=0x000000000224e408 mode 2
Event: 3.371 loading class 0x00000000088c4df0
Event: 3.371 loading class 0x00000000088c4df0 done
Event: 3.801 Thread 0x0000000002272800 DEOPT PACKING pc=0x0000000002407dcc sp=0x000000000224e730
Event: 3.801 Thread 0x0000000002272800 DEOPT UNPACKING pc=0x00000000023a9164 sp=0x000000000224e528 mode 2
Event: 3.905 Thread 0x0000000002272800 DEOPT PACKING pc=0x000000000242410c sp=0x000000000224e7c0
Event: 3.905 Thread 0x0000000002272800 DEOPT UNPACKING pc=0x00000000023a9164 sp=0x000000000224e740 mode 2


Dynamic libraries:
0x00007ff75c010000 - 0x00007ff75c043000 	C:\Program Files\Java\jdk1.7.0_11\bin\java.exe
0x00007ffb75160000 - 0x00007ffb7530c000 	C:\WINDOWS\SYSTEM32\ntdll.dll
0x00007ffb74b60000 - 0x00007ffb74c9e000 	C:\WINDOWS\system32\KERNEL32.DLL
0x00007ffb726d0000 - 0x00007ffb727e5000 	C:\WINDOWS\system32\KERNELBASE.dll
0x00007ffb70e60000 - 0x00007ffb70eee000 	C:\WINDOWS\system32\apphelp.dll
0x00007ffb60df0000 - 0x00007ffb60e43000 	C:\WINDOWS\AppPatch\AppPatch64\AcGenral.DLL
0x00007ffb747c0000 - 0x00007ffb7486a000 	C:\WINDOWS\system32\msvcrt.dll
0x00007ffb720f0000 - 0x00007ffb7211e000 	C:\WINDOWS\SYSTEM32\SspiCli.dll
0x00007ffb74d60000 - 0x00007ffb74db4000 	C:\WINDOWS\system32\SHLWAPI.dll
0x00007ffb743c0000 - 0x00007ffb74537000 	C:\WINDOWS\system32\USER32.dll
0x00007ffb74210000 - 0x00007ffb743a4000 	C:\WINDOWS\system32\ole32.dll
0x00007ffb72ce0000 - 0x00007ffb741f9000 	C:\WINDOWS\system32\SHELL32.dll
0x00007ffb718c0000 - 0x00007ffb718e1000 	C:\WINDOWS\SYSTEM32\USERENV.dll
0x00007ffb727f0000 - 0x00007ffb7289a000 	C:\WINDOWS\system32\ADVAPI32.dll
0x00007ffb653b0000 - 0x00007ffb653ce000 	C:\WINDOWS\SYSTEM32\MPR.dll
0x00007ffb728b0000 - 0x00007ffb729f1000 	C:\WINDOWS\system32\RPCRT4.dll
0x00007ffb74870000 - 0x00007ffb748c9000 	C:\WINDOWS\SYSTEM32\sechost.dll
0x00007ffb72a00000 - 0x00007ffb72c11000 	C:\WINDOWS\SYSTEM32\combase.dll
0x00007ffb74a10000 - 0x00007ffb74b5f000 	C:\WINDOWS\system32\GDI32.dll
0x00007ffb722c0000 - 0x00007ffb722d5000 	C:\WINDOWS\SYSTEM32\profapi.dll
0x00007ffb70ad0000 - 0x00007ffb70b82000 	C:\WINDOWS\SYSTEM32\SHCORE.dll
0x00007ffb748d0000 - 0x00007ffb74906000 	C:\WINDOWS\system32\IMM32.DLL
0x00007ffb75000000 - 0x00007ffb75152000 	C:\WINDOWS\system32\MSCTF.dll
0x00007ffb70390000 - 0x00007ffb7060a000 	C:\WINDOWS\WinSxS\amd64_microsoft.windows.common-controls_6595b64144ccf1df_6.0.9600.17810_none_6240b9c7ecbd0bda\COMCTL32.dll
0x000000005ba10000 - 0x000000005bae1000 	C:\Program Files\Java\jdk1.7.0_11\jre\bin\msvcr100.dll
0x000000005beb0000 - 0x000000005c5cf000 	C:\Program Files\Java\jdk1.7.0_11\jre\bin\server\jvm.dll
0x00007ffb68ad0000 - 0x00007ffb68ad9000 	C:\WINDOWS\SYSTEM32\WSOCK32.dll
0x00007ffb6f380000 - 0x00007ffb6f3a2000 	C:\WINDOWS\SYSTEM32\WINMM.dll
0x00007ffb74200000 - 0x00007ffb74207000 	C:\WINDOWS\system32\PSAPI.DLL
0x00007ffb74dc0000 - 0x00007ffb74e1a000 	C:\WINDOWS\system32\WS2_32.dll
0x00007ffb6f340000 - 0x00007ffb6f36a000 	C:\WINDOWS\SYSTEM32\WINMMBASE.dll
0x00007ffb728a0000 - 0x00007ffb728a9000 	C:\WINDOWS\system32\NSI.dll
0x00007ffb72390000 - 0x00007ffb723df000 	C:\WINDOWS\SYSTEM32\cfgmgr32.dll
0x00007ffb710b0000 - 0x00007ffb710d8000 	C:\WINDOWS\SYSTEM32\DEVOBJ.dll
0x000000005dce0000 - 0x000000005dcef000 	C:\Program Files\Java\jdk1.7.0_11\jre\bin\verify.dll
0x000000005be80000 - 0x000000005bea8000 	C:\Program Files\Java\jdk1.7.0_11\jre\bin\java.dll
0x000000005be60000 - 0x000000005be75000 	C:\Program Files\Java\jdk1.7.0_11\jre\bin\zip.dll
0x000000005be40000 - 0x000000005be59000 	C:\Program Files\Java\jdk1.7.0_11\jre\bin\net.dll
0x00007ffb71b30000 - 0x00007ffb71b89000 	C:\WINDOWS\system32\mswsock.dll
0x000000005be20000 - 0x000000005be31000 	C:\Program Files\Java\jdk1.7.0_11\jre\bin\nio.dll

VM Arguments:
jvm_args: -Xmx1024M -Dfile.encoding=windows-1252 -Duser.country=FR -Duser.language=fr -Duser.variant 
java_command: com.android.dx.command.Main --dex --output D:\AndroidStudioProjects\WirelessHomeApplication\app\build\intermediates\pre-dexed\debug\classes-202ba9505225d2d95f027419bb2f9bda29588dc3.jar D:\AndroidStudioProjects\WirelessHomeApplication\app\build\intermediates\exploded-aar\com.android.support\recyclerview-v7\22.2.1\jars\classes.jar
Launcher Type: SUN_STANDARD

Environment Variables:
JAVA_HOME=C:\Program Files (x86)\Java\jdk1.5.0_01
USERNAME=Damine's
OS=Windows_NT
PROCESSOR_IDENTIFIER=Intel64 Family 6 Model 58 Stepping 9, GenuineIntel



---------------  S Y S T E M  ---------------

OS: Windows 8 , 64 bit Build 9200 

CPU:total 4 (2 cores per cpu, 2 threads per core) family 6 model 58 stepping 9, cmov, cx8, fxsr, mmx, sse, sse2, sse3, ssse3, sse4.1, sse4.2, popcnt, avx, ht, tsc, tscinvbit, tscinv

Memory: 4k page, physical 6174332k(1124024k free), swap 9320060k(6168k free)

vm_info: Java HotSpot(TM) 64-Bit Server VM (23.6-b04) for windows-amd64 JRE (1.7.0_11-b21), built on Jan 12 2013 02:38:42 by "java_re" with unknown MS VC++:1600

time: Wed Sep 30 15:50:31 2015
elapsed time: 3 seconds

