#
# There is insufficient memory for the Java Runtime Environment to continue.
# Native memory allocation (malloc) failed to allocate 223296 bytes for Chunk::new
# Possible reasons:
#   The system is out of physical RAM or swap space
#   In 32 bit mode, the process size limit was hit
# Possible solutions:
#   Reduce memory load on the system
#   Increase physical memory or swap space
#   Check if swap backing store is full
#   Use 64 bit Java on a 64 bit OS
#   Decrease Java heap size (-Xmx/-Xms)
#   Decrease number of Java threads
#   Decrease Java thread stack sizes (-Xss)
#   Set larger code cache with -XX:ReservedCodeCacheSize=
# This output file may be truncated or incomplete.
#
#  Out of Memory Error (allocation.cpp:328), pid=7328, tid=7824
#
# JRE version: 7.0_11-b21
# Java VM: Java HotSpot(TM) 64-Bit Server VM (23.6-b04 mixed mode windows-amd64 compressed oops)
# Failed to write core dump. Minidumps are not enabled by default on client versions of Windows
#

---------------  T H R E A D  ---------------

Current thread (0x00000000091b2800):  JavaThread "C2 CompilerThread1" daemon [_thread_in_native, id=7824, stack(0x000000000a860000,0x000000000a960000)]

Stack: [0x000000000a860000,0x000000000a960000]

Current CompileTask:
C2:   5638  463             com.android.dx.ssa.SsaBasicBlock::replaceSuccessor (125 bytes)


---------------  P R O C E S S  ---------------

Java Threads: ( => current thread )
  0x00000000091c1800 JavaThread "Service Thread" daemon [_thread_blocked, id=8296, stack(0x000000000a960000,0x000000000aa60000)]
=>0x00000000091b2800 JavaThread "C2 CompilerThread1" daemon [_thread_in_native, id=7824, stack(0x000000000a860000,0x000000000a960000)]
  0x00000000091b0800 JavaThread "C2 CompilerThread0" daemon [_thread_blocked, id=8912, stack(0x000000000a760000,0x000000000a860000)]
  0x00000000091af800 JavaThread "Attach Listener" daemon [_thread_blocked, id=8416, stack(0x000000000a660000,0x000000000a760000)]
  0x00000000091ac000 JavaThread "Signal Dispatcher" daemon [_thread_blocked, id=1372, stack(0x000000000a560000,0x000000000a660000)]
  0x0000000009142000 JavaThread "Finalizer" daemon [_thread_blocked, id=8312, stack(0x000000000a460000,0x000000000a560000)]
  0x000000000913e800 JavaThread "Reference Handler" daemon [_thread_blocked, id=8280, stack(0x000000000a360000,0x000000000a460000)]
  0x0000000002be2800 JavaThread "main" [_thread_in_vm, id=8412, stack(0x0000000002ae0000,0x0000000002be0000)]

Other Threads:
  0x0000000009137000 VMThread [stack: 0x000000000a260000,0x000000000a360000] [id=8724]
  0x00000000091ca000 WatcherThread [stack: 0x000000000aa60000,0x000000000ab60000] [id=6648]

VM state:not at safepoint (normal execution)

VM Mutex/Monitor currently owned by a thread: None

Heap
 PSYoungGen      total 52352K, used 12595K [0x00000000eaab0000, 0x00000000f10f0000, 0x0000000100000000)
  eden space 48384K, 17% used [0x00000000eaab0000,0x00000000eb321e78,0x00000000ed9f0000)
  from space 3968K, 99% used [0x00000000ed9f0000,0x00000000eddcb060,0x00000000eddd0000)
  to   space 3968K, 0% used [0x00000000f0d10000,0x00000000f0d10000,0x00000000f10f0000)
 ParOldGen       total 64384K, used 10081K [0x00000000c0000000, 0x00000000c3ee0000, 0x00000000eaab0000)
  object space 64384K, 15% used [0x00000000c0000000,0x00000000c09d8420,0x00000000c3ee0000)
 PSPermGen       total 21248K, used 5739K [0x00000000bae00000, 0x00000000bc2c0000, 0x00000000c0000000)
  object space 21248K, 27% used [0x00000000bae00000,0x00000000bb39af18,0x00000000bc2c0000)

Card table byte_map: [0x0000000005da0000,0x0000000005fd0000] byte_map_base: 0x00000000057c9000

Polling page: 0x00000000029a0000

Code Cache  [0x0000000002ce0000, 0x0000000002f50000, 0x0000000005ce0000)
 total_blobs=690 nmethods=458 adapters=183 free_code_cache=47374Kb largest_free_block=48446144

Compilation events (10 events):
Event: 5.617 Thread 0x00000000091b2800  460             com.android.dx.cf.code.OneLocalsArray::<init> (22 bytes)
Event: 5.618 Thread 0x00000000091b0800 nmethod 461 0x0000000002ea3e10 code [0x0000000002ea3f40, 0x0000000002ea3f98]
Event: 5.619 Thread 0x00000000091b2800 nmethod 460 0x0000000002ea3b10 code [0x0000000002ea3c60, 0x0000000002ea3d78]
Event: 5.620 Thread 0x00000000091b0800  462             com.android.dx.rop.code.RegisterSpec::getBasicFrameType (10 bytes)
Event: 5.620 Thread 0x00000000091b0800 nmethod 462 0x0000000002d7b250 code [0x0000000002d7b3a0, 0x0000000002d7b418]
Event: 5.626 Thread 0x00000000091b2800  463             com.android.dx.ssa.SsaBasicBlock::replaceSuccessor (125 bytes)
Event: 5.628 Thread 0x00000000091b0800  464             com.android.dx.rop.code.RegisterSpecList::withFirst (64 bytes)
Event: 5.633 Thread 0x00000000091b0800 nmethod 464 0x0000000002d7abd0 code [0x0000000002d7ad20, 0x0000000002d7aff8]
Event: 5.633 Thread 0x00000000091b0800  465             com.android.dx.rop.code.Rop::isCommutative (60 bytes)
Event: 5.634 Thread 0x00000000091b0800 nmethod 465 0x0000000002ea3910 code [0x0000000002ea3a40, 0x0000000002ea3ab8]

GC Heap History (6 events):
Event: 2.319 GC heap before
{Heap before GC invocations=1 (full 0):
 PSYoungGen      total 28160K, used 24192K [0x00000000eaab0000, 0x00000000eca10000, 0x0000000100000000)
  eden space 24192K, 100% used [0x00000000eaab0000,0x00000000ec250000,0x00000000ec250000)
  from space 3968K, 0% used [0x00000000ec630000,0x00000000ec630000,0x00000000eca10000)
  to   space 3968K, 0% used [0x00000000ec250000,0x00000000ec250000,0x00000000ec630000)
 ParOldGen       total 64384K, used 0K [0x00000000c0000000, 0x00000000c3ee0000, 0x00000000eaab0000)
  object space 64384K, 0% used [0x00000000c0000000,0x00000000c0000000,0x00000000c3ee0000)
 PSPermGen       total 21248K, used 5581K [0x00000000bae00000, 0x00000000bc2c0000, 0x00000000c0000000)
  object space 21248K, 26% used [0x00000000bae00000,0x00000000bb373738,0x00000000bc2c0000)
Event: 2.455 GC heap after
Heap after GC invocations=1 (full 0):
 PSYoungGen      total 28160K, used 3946K [0x00000000eaab0000, 0x00000000ee1b0000, 0x0000000100000000)
  eden space 24192K, 0% used [0x00000000eaab0000,0x00000000eaab0000,0x00000000ec250000)
  from space 3968K, 99% used [0x00000000ec250000,0x00000000ec62abb0,0x00000000ec630000)
  to   space 3968K, 0% used [0x00000000eddd0000,0x00000000eddd0000,0x00000000ee1b0000)
 ParOldGen       total 64384K, used 1049K [0x00000000c0000000, 0x00000000c3ee0000, 0x00000000eaab0000)
  object space 64384K, 1% used [0x00000000c0000000,0x00000000c0106408,0x00000000c3ee0000)
 PSPermGen       total 21248K, used 5581K [0x00000000bae00000, 0x00000000bc2c0000, 0x00000000c0000000)
  object space 21248K, 26% used [0x00000000bae00000,0x00000000bb373738,0x00000000bc2c0000)
}
Event: 4.153 GC heap before
{Heap before GC invocations=2 (full 0):
 PSYoungGen      total 28160K, used 28138K [0x00000000eaab0000, 0x00000000ee1b0000, 0x0000000100000000)
  eden space 24192K, 100% used [0x00000000eaab0000,0x00000000ec250000,0x00000000ec250000)
  from space 3968K, 99% used [0x00000000ec250000,0x00000000ec62abb0,0x00000000ec630000)
  to   space 3968K, 0% used [0x00000000eddd0000,0x00000000eddd0000,0x00000000ee1b0000)
 ParOldGen       total 64384K, used 1049K [0x00000000c0000000, 0x00000000c3ee0000, 0x00000000eaab0000)
  object space 64384K, 1% used [0x00000000c0000000,0x00000000c0106408,0x00000000c3ee0000)
 PSPermGen       total 21248K, used 5693K [0x00000000bae00000, 0x00000000bc2c0000, 0x00000000c0000000)
  object space 21248K, 26% used [0x00000000bae00000,0x00000000bb38f418,0x00000000bc2c0000)
Event: 4.168 GC heap after
Heap after GC invocations=2 (full 0):
 PSYoungGen      total 52352K, used 3951K [0x00000000eaab0000, 0x00000000ee1b0000, 0x0000000100000000)
  eden space 48384K, 0% used [0x00000000eaab0000,0x00000000eaab0000,0x00000000ed9f0000)
  from space 3968K, 99% used [0x00000000eddd0000,0x00000000ee1abcc0,0x00000000ee1b0000)
  to   space 3968K, 0% used [0x00000000ed9f0000,0x00000000ed9f0000,0x00000000eddd0000)
 ParOldGen       total 64384K, used 3955K [0x00000000c0000000, 0x00000000c3ee0000, 0x00000000eaab0000)
  object space 64384K, 6% used [0x00000000c0000000,0x00000000c03dcf08,0x00000000c3ee0000)
 PSPermGen       total 21248K, used 5693K [0x00000000bae00000, 0x00000000bc2c0000, 0x00000000c0000000)
  object space 21248K, 26% used [0x00000000bae00000,0x00000000bb38f418,0x00000000bc2c0000)
}
Event: 5.477 GC heap before
{Heap before GC invocations=3 (full 0):
 PSYoungGen      total 52352K, used 52335K [0x00000000eaab0000, 0x00000000ee1b0000, 0x0000000100000000)
  eden space 48384K, 100% used [0x00000000eaab0000,0x00000000ed9f0000,0x00000000ed9f0000)
  from space 3968K, 99% used [0x00000000eddd0000,0x00000000ee1abcc0,0x00000000ee1b0000)
  to   space 3968K, 0% used [0x00000000ed9f0000,0x00000000ed9f0000,0x00000000eddd0000)
 ParOldGen       total 64384K, used 3955K [0x00000000c0000000, 0x00000000c3ee0000, 0x00000000eaab0000)
  object space 64384K, 6% used [0x00000000c0000000,0x00000000c03dcf08,0x00000000c3ee0000)
 PSPermGen       total 21248K, used 5734K [0x00000000bae00000, 0x00000000bc2c0000, 0x00000000c0000000)
  object space 21248K, 26% used [0x00000000bae00000,0x00000000bb399b18,0x00000000bc2c0000)
Event: 5.507 GC heap after
Heap after GC invocations=3 (full 0):
 PSYoungGen      total 52352K, used 3948K [0x00000000eaab0000, 0x00000000f10f0000, 0x0000000100000000)
  eden space 48384K, 0% used [0x00000000eaab0000,0x00000000eaab0000,0x00000000ed9f0000)
  from space 3968K, 99% used [0x00000000ed9f0000,0x00000000eddcb060,0x00000000eddd0000)
  to   space 3968K, 0% used [0x00000000f0d10000,0x00000000f0d10000,0x00000000f10f0000)
 ParOldGen       total 64384K, used 10081K [0x00000000c0000000, 0x00000000c3ee0000, 0x00000000eaab0000)
  object space 64384K, 15% used [0x00000000c0000000,0x00000000c09d8420,0x00000000c3ee0000)
 PSPermGen       total 21248K, used 5734K [0x00000000bae00000, 0x00000000bc2c0000, 0x00000000c0000000)
  object space 21248K, 26% used [0x00000000bae00000,0x00000000bb399b18,0x00000000bc2c0000)
}

Deoptimization events (10 events):
Event: 3.701 Thread 0x0000000002be2800 Uncommon trap -58 fr.pc 0x0000000002de88e0
Event: 3.704 Thread 0x0000000002be2800 Uncommon trap -83 fr.pc 0x0000000002dd2240
Event: 3.799 Thread 0x0000000002be2800 Uncommon trap -83 fr.pc 0x0000000002deb4f4
Event: 3.799 Thread 0x0000000002be2800 Uncommon trap -83 fr.pc 0x0000000002dc7f78
Event: 3.801 Thread 0x0000000002be2800 Uncommon trap -83 fr.pc 0x0000000002dbdc4c
Event: 4.476 Thread 0x0000000002be2800 Uncommon trap -12 fr.pc 0x0000000002dce110
Event: 5.237 Thread 0x0000000002be2800 Uncommon trap -58 fr.pc 0x0000000002df413c
Event: 5.238 Thread 0x0000000002be2800 Uncommon trap -58 fr.pc 0x0000000002df413c
Event: 5.526 Thread 0x0000000002be2800 Uncommon trap -58 fr.pc 0x0000000002df4a40
Event: 5.526 Thread 0x0000000002be2800 Uncommon trap -58 fr.pc 0x0000000002df4a40

Internal exceptions (10 events):
Event: 2.830 Thread 0x0000000002be2800 Threw 0x00000000eafec9a8 at C:\jdk7u1_64p\jdk7u11\hotspot\src\share\vm\prims\jvm.cpp:1166
Event: 3.183 Thread 0x0000000002be2800 Implicit null exception at 0x0000000002d7a067 to 0x0000000002d7ab71
Event: 3.619 Thread 0x0000000002be2800 Threw 0x00000000eb9a8060 at C:\jdk7u1_64p\jdk7u11\hotspot\src\share\vm\prims\jvm.cpp:1166
Event: 3.620 Thread 0x0000000002be2800 Threw 0x00000000eb9aa5e0 at C:\jdk7u1_64p\jdk7u11\hotspot\src\share\vm\prims\jvm.cpp:1166
Event: 3.655 Thread 0x0000000002be2800 Threw 0x00000000eba238c8 at C:\jdk7u1_64p\jdk7u11\hotspot\src\share\vm\prims\jvm.cpp:1166
Event: 3.655 Thread 0x0000000002be2800 Threw 0x00000000eba29160 at C:\jdk7u1_64p\jdk7u11\hotspot\src\share\vm\prims\jvm.cpp:1166
Event: 3.656 Thread 0x0000000002be2800 Threw 0x00000000eba2e6b8 at C:\jdk7u1_64p\jdk7u11\hotspot\src\share\vm\prims\jvm.cpp:1166
Event: 3.695 Thread 0x0000000002be2800 Threw 0x00000000ebaf57b8 at C:\jdk7u1_64p\jdk7u11\hotspot\src\share\vm\prims\jvm.cpp:1166
Event: 4.476 Thread 0x0000000002be2800 Implicit null exception at 0x0000000002dce012 to 0x0000000002dce102
Event: 5.527 Thread 0x0000000002be2800 Threw 0x00000000eacd6e78 at C:\jdk7u1_64p\jdk7u11\hotspot\src\share\vm\prims\jvm.cpp:1166

Events (10 events):
Event: 5.526 Thread 0x0000000002be2800 DEOPT UNPACKING pc=0x0000000002d19164 sp=0x0000000002bde648 mode 2
Event: 5.526 Thread 0x0000000002be2800 DEOPT PACKING pc=0x0000000002df4a40 sp=0x0000000002bde6a0
Event: 5.526 Thread 0x0000000002be2800 DEOPT UNPACKING pc=0x0000000002d19164 sp=0x0000000002bde648 mode 2
Event: 5.527 loading class 0x000000000adf8a70
Event: 5.527 loading class 0x000000000adf8a70 done
Event: 5.529 Thread 0x00000000091b0800 flushing nmethod 0x0000000002d668d0
Event: 5.529 Thread 0x00000000091b2800 flushing nmethod 0x0000000002d6cb50
Event: 5.530 Thread 0x00000000091b0800 flushing nmethod 0x0000000002d79bd0
Event: 5.530 Thread 0x00000000091b0800 flushing nmethod 0x0000000002d7df10
Event: 5.578 Thread 0x00000000091b2800 flushing nmethod 0x0000000002d91250


Dynamic libraries:
0x00007ff75c010000 - 0x00007ff75c043000 	C:\Program Files\Java\jdk1.7.0_11\bin\java.exe
0x00007ffb75160000 - 0x00007ffb7530c000 	C:\WINDOWS\SYSTEM32\ntdll.dll
0x00007ffb74b60000 - 0x00007ffb74c9e000 	C:\WINDOWS\system32\KERNEL32.DLL
0x00007ffb726d0000 - 0x00007ffb727e5000 	C:\WINDOWS\system32\KERNELBASE.dll
0x00007ffb70e60000 - 0x00007ffb70eee000 	C:\WINDOWS\system32\apphelp.dll
0x00007ffb60df0000 - 0x00007ffb60e43000 	C:\WINDOWS\AppPatch\AppPatch64\AcGenral.DLL
0x00007ffb747c0000 - 0x00007ffb7486a000 	C:\WINDOWS\system32\msvcrt.dll
0x00007ffb720f0000 - 0x00007ffb7211e000 	C:\WINDOWS\SYSTEM32\SspiCli.dll
0x00007ffb74d60000 - 0x00007ffb74db4000 	C:\WINDOWS\system32\SHLWAPI.dll
0x00007ffb743c0000 - 0x00007ffb74537000 	C:\WINDOWS\system32\USER32.dll
0x00007ffb74210000 - 0x00007ffb743a4000 	C:\WINDOWS\system32\ole32.dll
0x00007ffb72ce0000 - 0x00007ffb741f9000 	C:\WINDOWS\system32\SHELL32.dll
0x00007ffb718c0000 - 0x00007ffb718e1000 	C:\WINDOWS\SYSTEM32\USERENV.dll
0x00007ffb727f0000 - 0x00007ffb7289a000 	C:\WINDOWS\system32\ADVAPI32.dll
0x00007ffb653b0000 - 0x00007ffb653ce000 	C:\WINDOWS\SYSTEM32\MPR.dll
0x00007ffb728b0000 - 0x00007ffb729f1000 	C:\WINDOWS\system32\RPCRT4.dll
0x00007ffb74870000 - 0x00007ffb748c9000 	C:\WINDOWS\SYSTEM32\sechost.dll
0x00007ffb72a00000 - 0x00007ffb72c11000 	C:\WINDOWS\SYSTEM32\combase.dll
0x00007ffb74a10000 - 0x00007ffb74b5f000 	C:\WINDOWS\system32\GDI32.dll
0x00007ffb722c0000 - 0x00007ffb722d5000 	C:\WINDOWS\SYSTEM32\profapi.dll
0x00007ffb70ad0000 - 0x00007ffb70b82000 	C:\WINDOWS\SYSTEM32\SHCORE.dll
0x00007ffb748d0000 - 0x00007ffb74906000 	C:\WINDOWS\system32\IMM32.DLL
0x00007ffb75000000 - 0x00007ffb75152000 	C:\WINDOWS\system32\MSCTF.dll
0x00007ffb70390000 - 0x00007ffb7060a000 	C:\WINDOWS\WinSxS\amd64_microsoft.windows.common-controls_6595b64144ccf1df_6.0.9600.17810_none_6240b9c7ecbd0bda\COMCTL32.dll
0x000000005ba10000 - 0x000000005bae1000 	C:\Program Files\Java\jdk1.7.0_11\jre\bin\msvcr100.dll
0x000000005beb0000 - 0x000000005c5cf000 	C:\Program Files\Java\jdk1.7.0_11\jre\bin\server\jvm.dll
0x00007ffb68ad0000 - 0x00007ffb68ad9000 	C:\WINDOWS\SYSTEM32\WSOCK32.dll
0x00007ffb6f380000 - 0x00007ffb6f3a2000 	C:\WINDOWS\SYSTEM32\WINMM.dll
0x00007ffb74200000 - 0x00007ffb74207000 	C:\WINDOWS\system32\PSAPI.DLL
0x00007ffb74dc0000 - 0x00007ffb74e1a000 	C:\WINDOWS\system32\WS2_32.dll
0x00007ffb6f340000 - 0x00007ffb6f36a000 	C:\WINDOWS\SYSTEM32\WINMMBASE.dll
0x00007ffb728a0000 - 0x00007ffb728a9000 	C:\WINDOWS\system32\NSI.dll
0x00007ffb72390000 - 0x00007ffb723df000 	C:\WINDOWS\SYSTEM32\cfgmgr32.dll
0x00007ffb710b0000 - 0x00007ffb710d8000 	C:\WINDOWS\SYSTEM32\DEVOBJ.dll
0x000000005dce0000 - 0x000000005dcef000 	C:\Program Files\Java\jdk1.7.0_11\jre\bin\verify.dll
0x000000005be80000 - 0x000000005bea8000 	C:\Program Files\Java\jdk1.7.0_11\jre\bin\java.dll
0x000000005be60000 - 0x000000005be75000 	C:\Program Files\Java\jdk1.7.0_11\jre\bin\zip.dll
0x000000005be40000 - 0x000000005be59000 	C:\Program Files\Java\jdk1.7.0_11\jre\bin\net.dll
0x00007ffb71b30000 - 0x00007ffb71b89000 	C:\WINDOWS\system32\mswsock.dll
0x000000005be20000 - 0x000000005be31000 	C:\Program Files\Java\jdk1.7.0_11\jre\bin\nio.dll

VM Arguments:
jvm_args: -Xmx1024M -Dfile.encoding=windows-1252 -Duser.country=FR -Duser.language=fr -Duser.variant 
java_command: com.android.dx.command.Main --dex --output D:\AndroidStudioProjects\WirelessHomeApplication\app\build\intermediates\pre-dexed\debug\classes-202ba9505225d2d95f027419bb2f9bda29588dc3.jar D:\AndroidStudioProjects\WirelessHomeApplication\app\build\intermediates\exploded-aar\com.android.support\recyclerview-v7\22.2.1\jars\classes.jar
Launcher Type: SUN_STANDARD

Environment Variables:
JAVA_HOME=C:\Program Files (x86)\Java\jdk1.5.0_01
USERNAME=Damine's
OS=Windows_NT
PROCESSOR_IDENTIFIER=Intel64 Family 6 Model 58 Stepping 9, GenuineIntel



---------------  S Y S T E M  ---------------

OS: Windows 8 , 64 bit Build 9200 

CPU:total 4 (2 cores per cpu, 2 threads per core) family 6 model 58 stepping 9, cmov, cx8, fxsr, mmx, sse, sse2, sse3, ssse3, sse4.1, sse4.2, popcnt, avx, ht, tsc, tscinvbit, tscinv

Memory: 4k page, physical 6174332k(1341240k free), swap 9320060k(5192k free)

vm_info: Java HotSpot(TM) 64-Bit Server VM (23.6-b04) for windows-amd64 JRE (1.7.0_11-b21), built on Jan 12 2013 02:38:42 by "java_re" with unknown MS VC++:1600

time: Wed Sep 30 15:45:52 2015
elapsed time: 5 seconds

