#
# A fatal error has been detected by the Java Runtime Environment:
#
#  EXCEPTION_ACCESS_VIOLATION (0xc0000005) at pc=0x0000000000000000, pid=8792, tid=1288
#
# JRE version: 7.0_11-b21
# Java VM: Java HotSpot(TM) 64-Bit Server VM (23.6-b04 mixed mode windows-amd64 compressed oops)
# Problematic frame:
# C  0x0000000000000000
#
# Failed to write core dump. Minidumps are not enabled by default on client versions of Windows
#
# If you would like to submit a bug report, please visit:
#   http://bugreport.sun.com/bugreport/crash.jsp
#

---------------  T H R E A D  ---------------

Current thread (0x0000000002112800):  JavaThread "main" [_thread_in_Java, id=1288, stack(0x0000000001fa0000,0x00000000020a0000)]

siginfo: ExceptionCode=0xc0000005, ExceptionInformation=0x0000000000000008 0x0000000000000000

Registers:
RAX=0x0000000000000000, RBX=0x00000000bae14e38, RCX=0x00000000eaab0da0, RDX=0x000000000c800001
RSP=0x000000000209df58, RBP=0x000000000209dfa8, RSI=0x0000000002112800, RDI=0x0000000000000000
R8 =0x0000000000000004, R9 =0x0000000002160f60, R10=0x000000005c54d970, R11=0x000000000c800000
R12=0x0000000000000000, R13=0x000000000209df60, R14=0x000000000209dfb0, R15=0x0000000002112800
RIP=0x0000000000000000, EFLAGS=0x0000000000010246

Top of Stack: (sp=0x000000000209df58)
0x000000000209df58:   00000000022164f0 00000000eaab0da0
0x000000000209df68:   000000000209df68 00000000bae24193
0x000000000209df78:   000000000209dfb0 00000000baeab7e0
0x000000000209df88:   0000000000000000 00000000bae241d0
0x000000000209df98:   000000000209df60 000000000209dfb8
0x000000000209dfa8:   000000000209e090 000000000221062a
0x000000000209dfb8:   0000000000000000 0000000000000000
0x000000000209dfc8:   0000000000000000 0000000000000000
0x000000000209dfd8:   0000000000000000 0000000000000000
0x000000000209dfe8:   0000000000000000 0000000000000000
0x000000000209dff8:   0000000000000000 0000000000000000
0x000000000209e008:   0000000000000000 0000000000000000
0x000000000209e018:   0000000000000000 0000000000000000
0x000000000209e028:   0000000000000000 0000000000000000
0x000000000209e038:   0000000000000000 0000000000000000
0x000000000209e048:   0000000000000000 0000000000000000 

Instructions: (pc=0x0000000000000000)
0xffffffffffffffe0:   


Register to memory mapping:

RAX=0x0000000000000000 is an unknown value
RBX=0x00000000bae14e38 is an oop
{method} 
 - klass: {other class}
RCX=0x00000000eaab0da0 is an oop
java.lang.Class 
 - klass: 'java/lang/Class'
RDX=0x000000000c800001 is an unknown value
RSP=0x000000000209df58 is pointing into the stack for thread: 0x0000000002112800
RBP=0x000000000209dfa8 is pointing into the stack for thread: 0x0000000002112800
RSI=0x0000000002112800 is a thread
RDI=0x0000000000000000 is an unknown value
R8 =0x0000000000000004 is an unknown value
R9 =0x0000000002160f60 is an unknown value
R10=0x000000005c54d970 is an unknown value
R11=0x000000000c800000 is an unknown value
R12=0x0000000000000000 is an unknown value
R13=0x000000000209df60 is pointing into the stack for thread: 0x0000000002112800
R14=0x000000000209dfb0 is pointing into the stack for thread: 0x0000000002112800
R15=0x0000000002112800 is a thread


Stack: [0x0000000001fa0000,0x00000000020a0000],  sp=0x000000000209df58,  free space=1015k

---------------  P R O C E S S  ---------------

Java Threads: ( => current thread )
=>0x0000000002112800 JavaThread "main" [_thread_in_Java, id=1288, stack(0x0000000001fa0000,0x00000000020a0000)]

Other Threads:
  0x0000000008667000 VMThread [stack: 0x00000000097a0000,0x00000000098a0000] [id=7200]

VM state:not at safepoint (normal execution)

VM Mutex/Monitor currently owned by a thread: None

Heap
 PSYoungGen      total 28160K, used 483K [0x00000000eaab0000, 0x00000000eca10000, 0x0000000100000000)
  eden space 24192K, 2% used [0x00000000eaab0000,0x00000000eab28fc8,0x00000000ec250000)
  from space 3968K, 0% used [0x00000000ec630000,0x00000000ec630000,0x00000000eca10000)
  to   space 3968K, 0% used [0x00000000ec250000,0x00000000ec250000,0x00000000ec630000)
 ParOldGen       total 64384K, used 0K [0x00000000c0000000, 0x00000000c3ee0000, 0x00000000eaab0000)
  object space 64384K, 0% used [0x00000000c0000000,0x00000000c0000000,0x00000000c3ee0000)
 PSPermGen       total 21248K, used 822K [0x00000000bae00000, 0x00000000bc2c0000, 0x00000000c0000000)
  object space 21248K, 3% used [0x00000000bae00000,0x00000000baecdb00,0x00000000bc2c0000)

Card table byte_map: [0x00000000052d0000,0x0000000005500000] byte_map_base: 0x0000000004cf9000

Polling page: 0x00000000009a0000

Code Cache  [0x0000000002210000, 0x0000000002480000, 0x0000000005210000)
 total_blobs=61 nmethods=0 adapters=36 free_code_cache=48826Kb largest_free_block=49997696

Compilation events (0 events):
No events

GC Heap History (0 events):
No events

Deoptimization events (0 events):
No events

Internal exceptions (0 events):
No events

Events (10 events):
Event: 0.071 loading class 0x000000000215bf60 done
Event: 0.071 loading class 0x000000000215c080 done
Event: 0.072 loading class 0x0000000002200250
Event: 0.072 loading class 0x0000000002200250 done
Event: 0.072 loading class 0x00000000021f7830
Event: 0.072 loading class 0x00000000021f7830 done
Event: 0.072 loading class 0x0000000002205140
Event: 0.072 loading class 0x0000000002205140 done
Event: 0.072 loading class 0x0000000002206bb0
Event: 0.072 loading class 0x0000000002206bb0 done


Dynamic libraries:
0x00007ff75c010000 - 0x00007ff75c043000 	C:\Program Files\Java\jdk1.7.0_11\bin\java.exe
0x00007ffb75160000 - 0x00007ffb7530c000 	C:\WINDOWS\SYSTEM32\ntdll.dll
0x00007ffb74b60000 - 0x00007ffb74c9e000 	C:\WINDOWS\system32\KERNEL32.DLL
0x00007ffb726d0000 - 0x00007ffb727e5000 	C:\WINDOWS\system32\KERNELBASE.dll
0x00007ffb70e60000 - 0x00007ffb70eee000 	C:\WINDOWS\system32\apphelp.dll
0x00007ffb60df0000 - 0x00007ffb60e43000 	C:\WINDOWS\AppPatch\AppPatch64\AcGenral.DLL
0x00007ffb747c0000 - 0x00007ffb7486a000 	C:\WINDOWS\system32\msvcrt.dll
0x00007ffb720f0000 - 0x00007ffb7211e000 	C:\WINDOWS\SYSTEM32\SspiCli.dll
0x00007ffb74d60000 - 0x00007ffb74db4000 	C:\WINDOWS\system32\SHLWAPI.dll
0x00007ffb743c0000 - 0x00007ffb74537000 	C:\WINDOWS\system32\USER32.dll
0x00007ffb74210000 - 0x00007ffb743a4000 	C:\WINDOWS\system32\ole32.dll
0x00007ffb72ce0000 - 0x00007ffb741f9000 	C:\WINDOWS\system32\SHELL32.dll
0x00007ffb718c0000 - 0x00007ffb718e1000 	C:\WINDOWS\SYSTEM32\USERENV.dll
0x00007ffb727f0000 - 0x00007ffb7289a000 	C:\WINDOWS\system32\ADVAPI32.dll
0x00007ffb653b0000 - 0x00007ffb653ce000 	C:\WINDOWS\SYSTEM32\MPR.dll
0x00007ffb728b0000 - 0x00007ffb729f1000 	C:\WINDOWS\system32\RPCRT4.dll
0x00007ffb74870000 - 0x00007ffb748c9000 	C:\WINDOWS\SYSTEM32\sechost.dll
0x00007ffb72a00000 - 0x00007ffb72c11000 	C:\WINDOWS\SYSTEM32\combase.dll
0x00007ffb74a10000 - 0x00007ffb74b5f000 	C:\WINDOWS\system32\GDI32.dll
0x00007ffb722c0000 - 0x00007ffb722d5000 	C:\WINDOWS\SYSTEM32\profapi.dll
0x00007ffb70ad0000 - 0x00007ffb70b82000 	C:\WINDOWS\SYSTEM32\SHCORE.dll
0x00007ffb748d0000 - 0x00007ffb74906000 	C:\WINDOWS\system32\IMM32.DLL
0x00007ffb75000000 - 0x00007ffb75152000 	C:\WINDOWS\system32\MSCTF.dll
0x00007ffb70390000 - 0x00007ffb7060a000 	C:\WINDOWS\WinSxS\amd64_microsoft.windows.common-controls_6595b64144ccf1df_6.0.9600.17810_none_6240b9c7ecbd0bda\COMCTL32.dll
0x000000005ba10000 - 0x000000005bae1000 	C:\Program Files\Java\jdk1.7.0_11\jre\bin\msvcr100.dll
0x000000005beb0000 - 0x000000005c5cf000 	C:\Program Files\Java\jdk1.7.0_11\jre\bin\server\jvm.dll
0x00007ffb68ad0000 - 0x00007ffb68ad9000 	C:\WINDOWS\SYSTEM32\WSOCK32.dll
0x00007ffb6f380000 - 0x00007ffb6f3a2000 	C:\WINDOWS\SYSTEM32\WINMM.dll
0x00007ffb74200000 - 0x00007ffb74207000 	C:\WINDOWS\system32\PSAPI.DLL
0x00007ffb74dc0000 - 0x00007ffb74e1a000 	C:\WINDOWS\system32\WS2_32.dll
0x00007ffb6f340000 - 0x00007ffb6f36a000 	C:\WINDOWS\SYSTEM32\WINMMBASE.dll
0x00007ffb728a0000 - 0x00007ffb728a9000 	C:\WINDOWS\system32\NSI.dll
0x00007ffb72390000 - 0x00007ffb723df000 	C:\WINDOWS\SYSTEM32\cfgmgr32.dll
0x00007ffb710b0000 - 0x00007ffb710d8000 	C:\WINDOWS\SYSTEM32\DEVOBJ.dll
0x000000005dce0000 - 0x000000005dcef000 	C:\Program Files\Java\jdk1.7.0_11\jre\bin\verify.dll
0x000000005be80000 - 0x000000005bea8000 	C:\Program Files\Java\jdk1.7.0_11\jre\bin\java.dll
0x000000005be60000 - 0x000000005be75000 	C:\Program Files\Java\jdk1.7.0_11\jre\bin\zip.dll

VM Arguments:
jvm_args: -Xmx1024M -Dfile.encoding=windows-1252 -Duser.country=FR -Duser.language=fr -Duser.variant 
java_command: com.android.dx.command.Main --dex --output D:\AndroidStudioProjects\WirelessHomeApplication\app\build\intermediates\pre-dexed\debug\classes-1d2f86614453fa5197cc8908d07e5acf538f7eb6.jar D:\AndroidStudioProjects\WirelessHomeApplication\app\build\intermediates\exploded-aar\com.github.clans\fab\1.5.5\jars\classes.jar
Launcher Type: SUN_STANDARD

Environment Variables:
JAVA_HOME=C:\Program Files (x86)\Java\jdk1.5.0_01
USERNAME=Damine's
OS=Windows_NT
PROCESSOR_IDENTIFIER=Intel64 Family 6 Model 58 Stepping 9, GenuineIntel



---------------  S Y S T E M  ---------------

OS: Windows 8 , 64 bit Build 9200 

CPU:total 4 (2 cores per cpu, 2 threads per core) family 6 model 58 stepping 9, cmov, cx8, fxsr, mmx, sse, sse2, sse3, ssse3, sse4.1, sse4.2, popcnt, avx, ht, tsc, tscinvbit, tscinv

Memory: 4k page, physical 6174332k(1424008k free), swap 9320060k(266932k free)

vm_info: Java HotSpot(TM) 64-Bit Server VM (23.6-b04) for windows-amd64 JRE (1.7.0_11-b21), built on Jan 12 2013 02:38:42 by "java_re" with unknown MS VC++:1600

time: Wed Sep 30 15:45:52 2015
elapsed time: 0 seconds

